{"meta": {"format": 3, "version": "7.15.2", "timestamp": "2026-07-24T22:27:44.041775", "branch_coverage": false, "show_contexts": false}, "files": {"app/__init__.py": {"executed_lines": [], "summary": {"covered_lines": 0, "num_statements": 0, "percent_covered": 100.0, "percent_covered_display": "100", "missing_lines": 0, "excluded_lines": 0, "percent_statements_covered": 100.0, "percent_statements_covered_display": "100"}, "missing_lines": [], "excluded_lines": [], "functions": {"": {"executed_lines": [], "summary": {"covered_lines": 0, "num_statements": 0, "percent_covered": 100.0, "percent_covered_display": "100", "missing_lines": 0, "excluded_lines": 0, "percent_statements_covered": 100.0, "percent_statements_covered_display": "100"}, "missing_lines": [], "excluded_lines": [], "start_line": 1}}, "classes": {"": {"executed_lines": [], "summary": {"covered_lines": 0, "num_statements": 0, "percent_covered": 100.0, "percent_covered_display": "100", "missing_lines": 0, "excluded_lines": 0, "percent_statements_covered": 100.0, "percent_statements_covered_display": "100"}, "missing_lines": [], "excluded_lines": [], "start_line": 1}}}, "app/api/__init__.py": {"executed_lines": [], "summary": {"covered_lines": 0, "num_statements": 0, "percent_covered": 100.0, "percent_covered_display": "100", "missing_lines": 0, "excluded_lines": 0, "percent_statements_covered": 100.0, "percent_statements_covered_display": "100"}, "missing_lines": [], "excluded_lines": [], "functions": {"": {"executed_lines": [], "summary": {"covered_lines": 0, "num_statements": 0, "percent_covered": 100.0, "percent_covered_display": "100", "missing_lines": 0, "excluded_lines": 0, "percent_statements_covered": 100.0, "percent_statements_covered_display": "100"}, "missing_lines": [], "excluded_lines": [], "start_line": 1}}, "classes": {"": {"executed_lines": [], "summary": {"covered_lines": 0, "num_statements": 0, "percent_covered": 100.0, "percent_covered_display": "100", "missing_lines": 0, "excluded_lines": 0, "percent_statements_covered": 100.0, "percent_statements_covered_display": "100"}, "missing_lines": [], "excluded_lines": [], "start_line": 1}}}, "app/api/v1/__init__.py": {"executed_lines": [], "summary": {"covered_lines": 0, "num_statements": 0, "percent_covered": 100.0, "percent_covered_display": "100", "missing_lines": 0, "excluded_lines": 0, "percent_statements_covered": 100.0, "percent_statements_covered_display": "100"}, "missing_lines": [], "excluded_lines": [], "functions": {"": {"executed_lines": [], "summary": {"covered_lines": 0, "num_statements": 0, "percent_covered": 100.0, "percent_covered_display": "100", "missing_lines": 0, "excluded_lines": 0, "percent_statements_covered": 100.0, "percent_statements_covered_display": "100"}, "missing_lines": [], "excluded_lines": [], "start_line": 1}}, "classes": {"": {"executed_lines": [], "summary": {"covered_lines": 0, "num_statements": 0, "percent_covered": 100.0, "percent_covered_display": "100", "missing_lines": 0, "excluded_lines": 0, "percent_statements_covered": 100.0, "percent_statements_covered_display": "100"}, "missing_lines": [], "excluded_lines": [], "start_line": 1}}}, "app/api/v1/deps.py": {"executed_lines": [1, 3, 4, 6, 7, 8, 9, 11, 12, 13, 16, 19, 25, 26, 27, 33, 38, 39, 40, 53, 65, 66], "summary": {"covered_lines": 22, "num_statements": 34, "percent_covered": 64.70588235294117, "percent_covered_display": "65", "missing_lines": 12, "excluded_lines": 0, "percent_statements_covered": 64.70588235294117, "percent_statements_covered_display": "65"}, "missing_lines": [41, 42, 43, 44, 46, 47, 48, 49, 50, 56, 57, 61], "excluded_lines": [], "functions": {"get_current_user": {"executed_lines": [25, 26, 27, 33, 38, 39, 40], "summary": {"covered_lines": 7, "num_statements": 16, "percent_covered": 43.75, "percent_covered_display": "44", "missing_lines": 9, "excluded_lines": 0, "percent_statements_covered": 43.75, "percent_statements_covered_display": "44"}, "missing_lines": [41, 42, 43, 44, 46, 47, 48, 49, 50], "excluded_lines": [], "start_line": 19}, "get_current_active_user": {"executed_lines": [], "summary": {"covered_lines": 0, "num_statements": 3, "percent_covered": 0.0, "percent_covered_display": "0", "missing_lines": 3, "excluded_lines": 0, "percent_statements_covered": 0.0, "percent_statements_covered_display": "0"}, "missing_lines": [56, 57, 61], "excluded_lines": [], "start_line": 53}, "": {"executed_lines": [1, 3, 4, 6, 7, 8, 9, 11, 12, 13, 16, 19, 53, 65, 66], "summary": {"covered_lines": 15, "num_statements": 15, "percent_covered": 100.0, "percent_covered_display": "100", "missing_lines": 0, "excluded_lines": 0, "percent_statements_covered": 100.0, "percent_statements_covered_display": "100"}, "missing_lines": [], "excluded_lines": [], "start_line": 1}}, "classes": {"": {"executed_lines": [1, 3, 4, 6, 7, 8, 9, 11, 12, 13, 16, 19, 25, 26, 27, 33, 38, 39, 40, 53, 65, 66], "summary": {"covered_lines": 22, "num_statements": 34, "percent_covered": 64.70588235294117, "percent_covered_display": "65", "missing_lines": 12, "excluded_lines": 0, "percent_statements_covered": 64.70588235294117, "percent_statements_covered_display": "65"}, "missing_lines": [41, 42, 43, 44, 46, 47, 48, 49, 50, 56, 57, 61], "excluded_lines": [], "start_line": 1}}}, "app/config.py": {"executed_lines": [1, 3, 5, 6, 9, 10, 20, 25, 30, 31, 32, 33, 38, 39, 42, 43, 46, 47, 48, 53, 54, 55, 56, 58, 63, 68, 69, 74, 76, 77, 78, 81, 82, 87, 88, 90, 91, 92, 93, 96, 101, 102, 103, 105, 107, 109, 112], "summary": {"covered_lines": 47, "num_statements": 51, "percent_covered": 92.15686274509804, "percent_covered_display": "92", "missing_lines": 4, "excluded_lines": 0, "percent_statements_covered": 92.15686274509804, "percent_statements_covered_display": "92"}, "missing_lines": [94, 95, 106, 108], "excluded_lines": [], "functions": {"Settings.CORS_ORIGINS": {"executed_lines": [92, 93, 96], "summary": {"covered_lines": 3, "num_statements": 5, "percent_covered": 60.0, "percent_covered_display": "60", "missing_lines": 2, "excluded_lines": 0, "percent_statements_covered": 60.0, "percent_statements_covered_display": "60"}, "missing_lines": [94, 95], "excluded_lines": [], "start_line": 91}, "Settings.ensure_async_driver": {"executed_lines": [105, 107, 109], "summary": {"covered_lines": 3, "num_statements": 5, "percent_covered": 60.0, "percent_covered_display": "60", "missing_lines": 2, "excluded_lines": 0, "percent_statements_covered": 60.0, "percent_statements_covered_display": "60"}, "missing_lines": [106, 108], "excluded_lines": [], "start_line": 103}, "": {"executed_lines": [1, 3, 5, 6, 9, 10, 20, 25, 30, 31, 32, 33, 38, 39, 42, 43, 46, 47, 48, 53, 54, 55, 56, 58, 63, 68, 69, 74, 76, 77, 78, 81, 82, 87, 88, 90, 91, 101, 102, 103, 112], "summary": {"covered_lines": 41, "num_statements": 41, "percent_covered": 100.0, "percent_covered_display": "100", "missing_lines": 0, "excluded_lines": 0, "percent_statements_covered": 100.0, "percent_statements_covered_display": "100"}, "missing_lines": [], "excluded_lines": [], "start_line": 1}}, "classes": {"Settings": {"executed_lines": [92, 93, 96, 105, 107, 109], "summary": {"covered_lines": 6, "num_statements": 10, "percent_covered": 60.0, "percent_covered_display": "60", "missing_lines": 4, "excluded_lines": 0, "percent_statements_covered": 60.0, "percent_statements_covered_display": "60"}, "missing_lines": [94, 95, 106, 108], "excluded_lines": [], "start_line": 9}, "": {"executed_lines": [1, 3, 5, 6, 9, 10, 20, 25, 30, 31, 32, 33, 38, 39, 42, 43, 46, 47, 48, 53, 54, 55, 56, 58, 63, 68, 69, 74, 76, 77, 78, 81, 82, 87, 88, 90, 91, 101, 102, 103, 112], "summary": {"covered_lines": 41, "num_statements": 41, "percent_covered": 100.0, "percent_covered_display": "100", "missing_lines": 0, "excluded_lines": 0, "percent_statements_covered": 100.0, "percent_statements_covered_display": "100"}, "missing_lines": [], "excluded_lines": [], "start_line": 1}}}, "app/core/__init__.py": {"executed_lines": [], "summary": {"covered_lines": 0, "num_statements": 0, "percent_covered": 100.0, "percent_covered_display": "100", "missing_lines": 0, "excluded_lines": 0, "percent_statements_covered": 100.0, "percent_statements_covered_display": "100"}, "missing_lines": [], "excluded_lines": [], "functions": {"": {"executed_lines": [], "summary": {"covered_lines": 0, "num_statements": 0, "percent_covered": 100.0, "percent_covered_display": "100", "missing_lines": 0, "excluded_lines": 0, "percent_statements_covered": 100.0, "percent_statements_covered_display": "100"}, "missing_lines": [], "excluded_lines": [], "start_line": 1}}, "classes": {"": {"executed_lines": [], "summary": {"covered_lines": 0, "num_statements": 0, "percent_covered": 100.0, "percent_covered_display": "100", "missing_lines": 0, "excluded_lines": 0, "percent_statements_covered": 100.0, "percent_statements_covered_display": "100"}, "missing_lines": [], "excluded_lines": [], "start_line": 1}}}, "app/core/cache.py": {"executed_lines": [1, 3, 4, 6, 8, 10, 13, 25, 37, 44], "summary": {"covered_lines": 10, "num_statements": 26, "percent_covered": 38.46153846153846, "percent_covered_display": "38", "missing_lines": 16, "excluded_lines": 0, "percent_statements_covered": 38.46153846153846, "percent_statements_covered_display": "38"}, "missing_lines": [16, 17, 22, 27, 28, 29, 30, 31, 32, 33, 34, 39, 40, 41, 46, 47], "excluded_lines": [], "functions": {"get_redis": {"executed_lines": [], "summary": {"covered_lines": 0, "num_statements": 3, "percent_covered": 0.0, "percent_covered_display": "0", "missing_lines": 3, "excluded_lines": 0, "percent_statements_covered": 0.0, "percent_statements_covered_display": "0"}, "missing_lines": [16, 17, 22], "excluded_lines": [], "start_line": 13}, "cache_get": {"executed_lines": [], "summary": {"covered_lines": 0, "num_statements": 8, "percent_covered": 0.0, "percent_covered_display": "0", "missing_lines": 8, "excluded_lines": 0, "percent_statements_covered": 0.0, "percent_statements_covered_display": "0"}, "missing_lines": [27, 28, 29, 30, 31, 32, 33, 34], "excluded_lines": [], "start_line": 25}, "cache_set": {"executed_lines": [], "summary": {"covered_lines": 0, "num_statements": 3, "percent_covered": 0.0, "percent_covered_display": "0", "missing_lines": 3, "excluded_lines": 0, "percent_statements_covered": 0.0, "percent_statements_covered_display": "0"}, "missing_lines": [39, 40, 41], "excluded_lines": [], "start_line": 37}, "cache_delete": {"executed_lines": [], "summary": {"covered_lines": 0, "num_statements": 2, "percent_covered": 0.0, "percent_covered_display": "0", "missing_lines": 2, "excluded_lines": 0, "percent_statements_covered": 0.0, "percent_statements_covered_display": "0"}, "missing_lines": [46, 47], "excluded_lines": [], "start_line": 44}, "": {"executed_lines": [1, 3, 4, 6, 8, 10, 13, 25, 37, 44], "summary": {"covered_lines": 10, "num_statements": 10, "percent_covered": 100.0, "percent_covered_display": "100", "missing_lines": 0, "excluded_lines": 0, "percent_statements_covered": 100.0, "percent_statements_covered_display": "100"}, "missing_lines": [], "excluded_lines": [], "start_line": 1}}, "classes": {"": {"executed_lines": [1, 3, 4, 6, 8, 10, 13, 25, 37, 44], "summary": {"covered_lines": 10, "num_statements": 26, "percent_covered": 38.46153846153846, "percent_covered_display": "38", "missing_lines": 16, "excluded_lines": 0, "percent_statements_covered": 38.46153846153846, "percent_statements_covered_display": "38"}, "missing_lines": [16, 17, 22, 27, 28, 29, 30, 31, 32, 33, 34, 39, 40, 41, 46, 47], "excluded_lines": [], "start_line": 1}}}, "app/core/security.py": {"executed_lines": [1, 3, 4, 6, 8, 10, 13, 18, 19, 21, 22, 27, 30, 32, 35, 40, 43, 49, 50, 51, 52, 53, 54, 55, 56, 59, 65, 66, 67, 68, 69, 70, 71, 72], "summary": {"covered_lines": 34, "num_statements": 34, "percent_covered": 100.0, "percent_covered_display": "100", "missing_lines": 0, "excluded_lines": 0, "percent_statements_covered": 100.0, "percent_statements_covered_display": "100"}, "missing_lines": [], "excluded_lines": [], "functions": {"create_access_token": {"executed_lines": [18, 19, 21, 22, 27], "summary": {"covered_lines": 5, "num_statements": 5, "percent_covered": 100.0, "percent_covered_display": "100", "missing_lines": 0, "excluded_lines": 0, "percent_statements_covered": 100.0, "percent_statements_covered_display": "100"}, "missing_lines": [], "excluded_lines": [], "start_line": 13}, "create_refresh_token": {"executed_lines": [32, 35, 40], "summary": {"covered_lines": 3, "num_statements": 3, "percent_covered": 100.0, "percent_covered_display": "100", "missing_lines": 0, "excluded_lines": 0, "percent_statements_covered": 100.0, "percent_statements_covered_display": "100"}, "missing_lines": [], "excluded_lines": [], "start_line": 30}, "verify_token": {"executed_lines": [49, 50, 51, 52, 53, 54, 55, 56], "summary": {"covered_lines": 8, "num_statements": 8, "percent_covered": 100.0, "percent_covered_display": "100", "missing_lines": 0, "excluded_lines": 0, "percent_statements_covered": 100.0, "percent_statements_covered_display": "100"}, "missing_lines": [], "excluded_lines": [], "start_line": 43}, "verify_refresh_token": {"executed_lines": [65, 66, 67, 68, 69, 70, 71, 72], "summary": {"covered_lines": 8, "num_statements": 8, "percent_covered": 100.0, "percent_covered_display": "100", "missing_lines": 0, "excluded_lines": 0, "percent_statements_covered": 100.0, "percent_statements_covered_display": "100"}, "missing_lines": [], "excluded_lines": [], "start_line": 59}, "": {"executed_lines": [1, 3, 4, 6, 8, 10, 13, 30, 43, 59], "summary": {"covered_lines": 10, "num_statements": 10, "percent_covered": 100.0, "percent_covered_display": "100", "missing_lines": 0, "excluded_lines": 0, "percent_statements_covered": 100.0, "percent_statements_covered_display": "100"}, "missing_lines": [], "excluded_lines": [], "start_line": 1}}, "classes": {"": {"executed_lines": [1, 3, 4, 6, 8, 10, 13, 18, 19, 21, 22, 27, 30, 32, 35, 40, 43, 49, 50, 51, 52, 53, 54, 55, 56, 59, 65, 66, 67, 68, 69, 70, 71, 72], "summary": {"covered_lines": 34, "num_statements": 34, "percent_covered": 100.0, "percent_covered_display": "100", "missing_lines": 0, "excluded_lines": 0, "percent_statements_covered": 100.0, "percent_statements_covered_display": "100"}, "missing_lines": [], "excluded_lines": [], "start_line": 1}}}, "app/core/sms.py": {"executed_lines": [1, 3, 4, 6, 7, 9, 11, 12, 15, 17, 20, 22, 23, 26, 32, 33, 34, 35, 36, 37, 38, 39, 42, 48, 50, 51, 58, 59, 60, 61, 62, 79, 80, 81, 88, 89, 94], "summary": {"covered_lines": 37, "num_statements": 50, "percent_covered": 74.0, "percent_covered_display": "74", "missing_lines": 13, "excluded_lines": 0, "percent_statements_covered": 74.0, "percent_statements_covered_display": "74"}, "missing_lines": [52, 53, 55, 64, 65, 76, 90, 91, 95, 96, 109, 110, 116], "excluded_lines": [], "functions": {"generate_otp": {"executed_lines": [17], "summary": {"covered_lines": 1, "num_statements": 1, "percent_covered": 100.0, "percent_covered_display": "100", "missing_lines": 0, "excluded_lines": 0, "percent_statements_covered": 100.0, "percent_statements_covered_display": "100"}, "missing_lines": [], "excluded_lines": [], "start_line": 15}, "store_otp": {"executed_lines": [22, 23], "summary": {"covered_lines": 2, "num_statements": 2, "percent_covered": 100.0, "percent_covered_display": "100", "missing_lines": 0, "excluded_lines": 0, "percent_statements_covered": 100.0, "percent_statements_covered_display": "100"}, "missing_lines": [], "excluded_lines": [], "start_line": 20}, "verify_otp": {"executed_lines": [32, 33, 34, 35, 36, 37, 38, 39], "summary": {"covered_lines": 8, "num_statements": 8, "percent_covered": 100.0, "percent_covered_display": "100", "missing_lines": 0, "excluded_lines": 0, "percent_statements_covered": 100.0, "percent_statements_covered_display": "100"}, "missing_lines": [], "excluded_lines": [], "start_line": 26}, "send_otp": {"executed_lines": [48, 50, 51], "summary": {"covered_lines": 3, "num_statements": 6, "percent_covered": 50.0, "percent_covered_display": "50", "missing_lines": 3, "excluded_lines": 0, "percent_statements_covered": 50.0, "percent_statements_covered_display": "50"}, "missing_lines": [52, 53, 55], "excluded_lines": [], "start_line": 42}, "_send_via_eskiz": {"executed_lines": [59, 60, 61, 62], "summary": {"covered_lines": 4, "num_statements": 7, "percent_covered": 57.142857142857146, "percent_covered_display": "57", "missing_lines": 3, "excluded_lines": 0, "percent_statements_covered": 57.142857142857146, "percent_statements_covered_display": "57"}, "missing_lines": [64, 65, 76], "excluded_lines": [], "start_line": 58}, "_get_eskiz_token": {"executed_lines": [80, 81, 88, 89], "summary": {"covered_lines": 4, "num_statements": 6, "percent_covered": 66.66666666666667, "percent_covered_display": "67", "missing_lines": 2, "excluded_lines": 0, "percent_statements_covered": 66.66666666666667, "percent_statements_covered_display": "67"}, "missing_lines": [90, 91], "excluded_lines": [], "start_line": 79}, "_send_via_playmobile": {"executed_lines": [], "summary": {"covered_lines": 0, "num_statements": 5, "percent_covered": 0.0, "percent_covered_display": "0", "missing_lines": 5, "excluded_lines": 0, "percent_statements_covered": 0.0, "percent_statements_covered_display": "0"}, "missing_lines": [95, 96, 109, 110, 116], "excluded_lines": [], "start_line": 94}, "": {"executed_lines": [1, 3, 4, 6, 7, 9, 11, 12, 15, 20, 26, 42, 58, 79, 94], "summary": {"covered_lines": 15, "num_statements": 15, "percent_covered": 100.0, "percent_covered_display": "100", "missing_lines": 0, "excluded_lines": 0, "percent_statements_covered": 100.0, "percent_statements_covered_display": "100"}, "missing_lines": [], "excluded_lines": [], "start_line": 1}}, "classes": {"": {"executed_lines": [1, 3, 4, 6, 7, 9, 11, 12, 15, 17, 20, 22, 23, 26, 32, 33, 34, 35, 36, 37, 38, 39, 42, 48, 50, 51, 58, 59, 60, 61, 62, 79, 80, 81, 88, 89, 94], "summary": {"covered_lines": 37, "num_statements": 50, "percent_covered": 74.0, "percent_covered_display": "74", "missing_lines": 13, "excluded_lines": 0, "percent_statements_covered": 74.0, "percent_statements_covered_display": "74"}, "missing_lines": [52, 53, 55, 64, 65, 76, 90, 91, 95, 96, 109, 110, 116], "excluded_lines": [], "start_line": 1}}}, "app/core/storage.py": {"executed_lines": [1, 3, 4, 6, 8, 11, 26, 45, 51], "summary": {"covered_lines": 9, "num_statements": 23, "percent_covered": 39.130434782608695, "percent_covered_display": "39", "missing_lines": 14, "excluded_lines": 0, "percent_statements_covered": 39.130434782608695, "percent_statements_covered_display": "39"}, "missing_lines": [14, 15, 23, 28, 29, 36, 37, 39, 42, 47, 48, 53, 54, 59], "excluded_lines": [], "functions": {"_get_s3": {"executed_lines": [], "summary": {"covered_lines": 0, "num_statements": 3, "percent_covered": 0.0, "percent_covered_display": "0", "missing_lines": 3, "excluded_lines": 0, "percent_statements_covered": 0.0, "percent_statements_covered_display": "0"}, "missing_lines": [14, 15, 23], "excluded_lines": [], "start_line": 11}, "upload_file": {"executed_lines": [], "summary": {"covered_lines": 0, "num_statements": 6, "percent_covered": 0.0, "percent_covered_display": "0", "missing_lines": 6, "excluded_lines": 0, "percent_statements_covered": 0.0, "percent_statements_covered_display": "0"}, "missing_lines": [28, 29, 36, 37, 39, 42], "excluded_lines": [], "start_line": 26}, "delete_file": {"executed_lines": [], "summary": {"covered_lines": 0, "num_statements": 2, "percent_covered": 0.0, "percent_covered_display": "0", "missing_lines": 2, "excluded_lines": 0, "percent_statements_covered": 0.0, "percent_statements_covered_display": "0"}, "missing_lines": [47, 48], "excluded_lines": [], "start_line": 45}, "get_presigned_url": {"executed_lines": [], "summary": {"covered_lines": 0, "num_statements": 3, "percent_covered": 0.0, "percent_covered_display": "0", "missing_lines": 3, "excluded_lines": 0, "percent_statements_covered": 0.0, "percent_statements_covered_display": "0"}, "missing_lines": [53, 54, 59], "excluded_lines": [], "start_line": 51}, "": {"executed_lines": [1, 3, 4, 6, 8, 11, 26, 45, 51], "summary": {"covered_lines": 9, "num_statements": 9, "percent_covered": 100.0, "percent_covered_display": "100", "missing_lines": 0, "excluded_lines": 0, "percent_statements_covered": 100.0, "percent_statements_covered_display": "100"}, "missing_lines": [], "excluded_lines": [], "start_line": 1}}, "classes": {"": {"executed_lines": [1, 3, 4, 6, 8, 11, 26, 45, 51], "summary": {"covered_lines": 9, "num_statements": 23, "percent_covered": 39.130434782608695, "percent_covered_display": "39", "missing_lines": 14, "excluded_lines": 0, "percent_statements_covered": 39.130434782608695, "percent_statements_covered_display": "39"}, "missing_lines": [14, 15, 23, 28, 29, 36, 37, 39, 42, 47, 48, 53, 54, 59], "excluded_lines": [], "start_line": 1}}}, "app/database.py": {"executed_lines": [1, 3, 5, 10, 12, 17, 28, 41, 42, 50, 52, 53, 54, 56, 57, 58, 60], "summary": {"covered_lines": 17, "num_statements": 18, "percent_covered": 94.44444444444444, "percent_covered_display": "94", "missing_lines": 1, "excluded_lines": 0, "percent_statements_covered": 94.44444444444444, "percent_statements_covered_display": "94"}, "missing_lines": [55], "excluded_lines": [], "functions": {"get_db": {"executed_lines": [52, 53, 54, 56, 57, 58, 60], "summary": {"covered_lines": 7, "num_statements": 8, "percent_covered": 87.5, "percent_covered_display": "88", "missing_lines": 1, "excluded_lines": 0, "percent_statements_covered": 87.5, "percent_statements_covered_display": "88"}, "missing_lines": [55], "excluded_lines": [], "start_line": 50}, "": {"executed_lines": [1, 3, 5, 10, 12, 17, 28, 41, 42, 50], "summary": {"covered_lines": 10, "num_statements": 10, "percent_covered": 100.0, "percent_covered_display": "100", "missing_lines": 0, "excluded_lines": 0, "percent_statements_covered": 100.0, "percent_statements_covered_display": "100"}, "missing_lines": [], "excluded_lines": [], "start_line": 1}}, "classes": {"Base": {"executed_lines": [], "summary": {"covered_lines": 0, "num_statements": 0, "percent_covered": 100.0, "percent_covered_display": "100", "missing_lines": 0, "excluded_lines": 0, "percent_statements_covered": 100.0, "percent_statements_covered_display": "100"}, "missing_lines": [], "excluded_lines": [], "start_line": 41}, "": {"executed_lines": [1, 3, 5, 10, 12, 17, 28, 41, 42, 50, 52, 53, 54, 56, 57, 58, 60], "summary": {"covered_lines": 17, "num_statements": 18, "percent_covered": 94.44444444444444, "percent_covered_display": "94", "missing_lines": 1, "excluded_lines": 0, "percent_statements_covered": 94.44444444444444, "percent_statements_covered_display": "94"}, "missing_lines": [55], "excluded_lines": [], "start_line": 1}}}, "app/main.py": {"executed_lines": [1, 3, 5, 6, 7, 8, 9, 10, 11, 13, 14, 17, 36, 37, 48, 59, 60, 61, 62, 63, 64, 65, 66, 67, 68, 73, 74, 87, 88, 94, 95, 98, 103, 104, 107, 112, 113, 121, 124], "summary": {"covered_lines": 39, "num_statements": 45, "percent_covered": 86.66666666666667, "percent_covered_display": "87", "missing_lines": 6, "excluded_lines": 0, "percent_statements_covered": 86.66666666666667, "percent_statements_covered_display": "87"}, "missing_lines": [18, 75, 77, 78, 89, 116], "excluded_lines": [], "functions": {"_configure_structlog": {"executed_lines": [], "summary": {"covered_lines": 0, "num_statements": 1, "percent_covered": 0.0, "percent_covered_display": "0", "missing_lines": 1, "excluded_lines": 0, "percent_statements_covered": 0.0, "percent_statements_covered_display": "0"}, "missing_lines": [18], "excluded_lines": [], "start_line": 17}, "create_app": {"executed_lines": [37, 48, 59, 60, 61, 62, 63, 64, 65, 66, 67, 68, 73, 74, 87, 88, 94, 95, 103, 104, 112, 113, 121], "summary": {"covered_lines": 23, "num_statements": 23, "percent_covered": 100.0, "percent_covered_display": "100", "missing_lines": 0, "excluded_lines": 0, "percent_statements_covered": 100.0, "percent_statements_covered_display": "100"}, "missing_lines": [], "excluded_lines": [], "start_line": 36}, "create_app.on_startup": {"executed_lines": [], "summary": {"covered_lines": 0, "num_statements": 3, "percent_covered": 0.0, "percent_covered_display": "0", "missing_lines": 3, "excluded_lines": 0, "percent_statements_covered": 0.0, "percent_statements_covered_display": "0"}, "missing_lines": [75, 77, 78], "excluded_lines": [], "start_line": 74}, "create_app.health_check": {"executed_lines": [], "summary": {"covered_lines": 0, "num_statements": 1, "percent_covered": 0.0, "percent_covered_display": "0", "missing_lines": 1, "excluded_lines": 0, "percent_statements_covered": 0.0, "percent_statements_covered_display": "0"}, "missing_lines": [89], "excluded_lines": [], "start_line": 88}, "create_app.http_exception_handler": {"executed_lines": [98], "summary": {"covered_lines": 1, "num_statements": 1, "percent_covered": 100.0, "percent_covered_display": "100", "missing_lines": 0, "excluded_lines": 0, "percent_statements_covered": 100.0, "percent_statements_covered_display": "100"}, "missing_lines": [], "excluded_lines": [], "start_line": 95}, "create_app.validation_exception_handler": {"executed_lines": [107], "summary": {"covered_lines": 1, "num_statements": 1, "percent_covered": 100.0, "percent_covered_display": "100", "missing_lines": 0, "excluded_lines": 0, "percent_statements_covered": 100.0, "percent_statements_covered_display": "100"}, "missing_lines": [], "excluded_lines": [], "start_line": 104}, "create_app.not_found_handler": {"executed_lines": [], "summary": {"covered_lines": 0, "num_statements": 1, "percent_covered": 0.0, "percent_covered_display": "0", "missing_lines": 1, "excluded_lines": 0, "percent_statements_covered": 0.0, "percent_statements_covered_display": "0"}, "missing_lines": [116], "excluded_lines": [], "start_line": 113}, "": {"executed_lines": [1, 3, 5, 6, 7, 8, 9, 10, 11, 13, 14, 17, 36, 124], "summary": {"covered_lines": 14, "num_statements": 14, "percent_covered": 100.0, "percent_covered_display": "100", "missing_lines": 0, "excluded_lines": 0, "percent_statements_covered": 100.0, "percent_statements_covered_display": "100"}, "missing_lines": [], "excluded_lines": [], "start_line": 1}}, "classes": {"": {"executed_lines": [1, 3, 5, 6, 7, 8, 9, 10, 11, 13, 14, 17, 36, 37, 48, 59, 60, 61, 62, 63, 64, 65, 66, 67, 68, 73, 74, 87, 88, 94, 95, 98, 103, 104, 107, 112, 113, 121, 124], "summary": {"covered_lines": 39, "num_statements": 45, "percent_covered": 86.66666666666667, "percent_covered_display": "87", "missing_lines": 6, "excluded_lines": 0, "percent_statements_covered": 86.66666666666667, "percent_statements_covered_display": "87"}, "missing_lines": [18, 75, 77, 78, 89, 116], "excluded_lines": [], "start_line": 1}}}, "app/models/__init__.py": {"executed_lines": [8, 9, 10, 11, 12, 13, 14, 15, 16, 17, 18, 20], "summary": {"covered_lines": 12, "num_statements": 12, "percent_covered": 100.0, "percent_covered_display": "100", "missing_lines": 0, "excluded_lines": 0, "percent_statements_covered": 100.0, "percent_statements_covered_display": "100"}, "missing_lines": [], "excluded_lines": [], "functions": {"": {"executed_lines": [8, 9, 10, 11, 12, 13, 14, 15, 16, 17, 18, 20], "summary": {"covered_lines": 12, "num_statements": 12, "percent_covered": 100.0, "percent_covered_display": "100", "missing_lines": 0, "excluded_lines": 0, "percent_statements_covered": 100.0, "percent_statements_covered_display": "100"}, "missing_lines": [], "excluded_lines": [], "start_line": 1}}, "classes": {"": {"executed_lines": [8, 9, 10, 11, 12, 13, 14, 15, 16, 17, 18, 20], "summary": {"covered_lines": 12, "num_statements": 12, "percent_covered": 100.0, "percent_covered_display": "100", "missing_lines": 0, "excluded_lines": 0, "percent_statements_covered": 100.0, "percent_statements_covered_display": "100"}, "missing_lines": [], "excluded_lines": [], "start_line": 1}}}, "app/models/apartment.py": {"executed_lines": [1, 3, 4, 6, 7, 8, 10, 13, 14, 16, 22, 28, 29, 30, 31, 38, 43, 50], "summary": {"covered_lines": 18, "num_statements": 19, "percent_covered": 94.73684210526316, "percent_covered_display": "95", "missing_lines": 1, "excluded_lines": 0, "percent_statements_covered": 94.73684210526316, "percent_statements_covered_display": "95"}, "missing_lines": [51], "excluded_lines": [], "functions": {"Apartment.__repr__": {"executed_lines": [], "summary": {"covered_lines": 0, "num_statements": 1, "percent_covered": 0.0, "percent_covered_display": "0", "missing_lines": 1, "excluded_lines": 0, "percent_statements_covered": 0.0, "percent_statements_covered_display": "0"}, "missing_lines": [51], "excluded_lines": [], "start_line": 50}, "": {"executed_lines": [1, 3, 4, 6, 7, 8, 10, 13, 14, 16, 22, 28, 29, 30, 31, 38, 43, 50], "summary": {"covered_lines": 18, "num_statements": 18, "percent_covered": 100.0, "percent_covered_display": "100", "missing_lines": 0, "excluded_lines": 0, "percent_statements_covered": 100.0, "percent_statements_covered_display": "100"}, "missing_lines": [], "excluded_lines": [], "start_line": 1}}, "classes": {"Apartment": {"executed_lines": [], "summary": {"covered_lines": 0, "num_statements": 1, "percent_covered": 0.0, "percent_covered_display": "0", "missing_lines": 1, "excluded_lines": 0, "percent_statements_covered": 0.0, "percent_statements_covered_display": "0"}, "missing_lines": [51], "excluded_lines": [], "start_line": 13}, "": {"executed_lines": [1, 3, 4, 6, 7, 8, 10, 13, 14, 16, 22, 28, 29, 30, 31, 38, 43, 50], "summary": {"covered_lines": 18, "num_statements": 18, "percent_covered": 100.0, "percent_covered_display": "100", "missing_lines": 0, "excluded_lines": 0, "percent_statements_covered": 100.0, "percent_statements_covered_display": "100"}, "missing_lines": [], "excluded_lines": [], "start_line": 1}}}, "app/models/draft_room.py": {"executed_lines": [1, 3, 4, 6, 7, 8, 10, 13, 16, 18, 24, 30, 35], "summary": {"covered_lines": 13, "num_statements": 13, "percent_covered": 100.0, "percent_covered_display": "100", "missing_lines": 0, "excluded_lines": 0, "percent_statements_covered": 100.0, "percent_statements_covered_display": "100"}, "missing_lines": [], "excluded_lines": [], "functions": {"": {"executed_lines": [1, 3, 4, 6, 7, 8, 10, 13, 16, 18, 24, 30, 35], "summary": {"covered_lines": 13, "num_statements": 13, "percent_covered": 100.0, "percent_covered_display": "100", "missing_lines": 0, "excluded_lines": 0, "percent_statements_covered": 100.0, "percent_statements_covered_display": "100"}, "missing_lines": [], "excluded_lines": [], "start_line": 1}}, "classes": {"DraftRoom": {"executed_lines": [], "summary": {"covered_lines": 0, "num_statements": 0, "percent_covered": 100.0, "percent_covered_display": "100", "missing_lines": 0, "excluded_lines": 0, "percent_statements_covered": 100.0, "percent_statements_covered_display": "100"}, "missing_lines": [], "excluded_lines": [], "start_line": 13}, "": {"executed_lines": [1, 3, 4, 6, 7, 8, 10, 13, 16, 18, 24, 30, 35], "summary": {"covered_lines": 13, "num_statements": 13, "percent_covered": 100.0, "percent_covered_display": "100", "missing_lines": 0, "excluded_lines": 0, "percent_statements_covered": 100.0, "percent_statements_covered_display": "100"}, "missing_lines": [], "excluded_lines": [], "start_line": 1}}}, "app/models/estimate.py": {"executed_lines": [1, 3, 4, 6, 7, 8, 10, 13, 36, 38, 44, 50, 56, 62, 69, 75], "summary": {"covered_lines": 16, "num_statements": 17, "percent_covered": 94.11764705882354, "percent_covered_display": "94", "missing_lines": 1, "excluded_lines": 1, "percent_statements_covered": 94.11764705882354, "percent_statements_covered_display": "94"}, "missing_lines": [76], "excluded_lines": [14], "functions": {"Estimate.__repr__": {"executed_lines": [], "summary": {"covered_lines": 0, "num_statements": 1, "percent_covered": 0.0, "percent_covered_display": "0", "missing_lines": 1, "excluded_lines": 0, "percent_statements_covered": 0.0, "percent_statements_covered_display": "0"}, "missing_lines": [76], "excluded_lines": [], "start_line": 75}, "": {"executed_lines": [1, 3, 4, 6, 7, 8, 10, 13, 36, 38, 44, 50, 56, 62, 69, 75], "summary": {"covered_lines": 16, "num_statements": 16, "percent_covered": 100.0, "percent_covered_display": "100", "missing_lines": 0, "excluded_lines": 1, "percent_statements_covered": 100.0, "percent_statements_covered_display": "100"}, "missing_lines": [], "excluded_lines": [14], "start_line": 1}}, "classes": {"Estimate": {"executed_lines": [], "summary": {"covered_lines": 0, "num_statements": 1, "percent_covered": 0.0, "percent_covered_display": "0", "missing_lines": 1, "excluded_lines": 0, "percent_statements_covered": 0.0, "percent_statements_covered_display": "0"}, "missing_lines": [76], "excluded_lines": [], "start_line": 13}, "": {"executed_lines": [1, 3, 4, 6, 7, 8, 10, 13, 36, 38, 44, 50, 56, 62, 69, 75], "summary": {"covered_lines": 16, "num_statements": 16, "percent_covered": 100.0, "percent_covered_display": "100", "missing_lines": 0, "excluded_lines": 1, "percent_statements_covered": 100.0, "percent_statements_covered_display": "100"}, "missing_lines": [], "excluded_lines": [14], "start_line": 1}}}, "app/models/furniture.py": {"executed_lines": [1, 3, 4, 6, 7, 8, 10, 13, 14, 16, 22, 29, 30, 31, 36, 41, 46, 51, 52, 59, 65], "summary": {"covered_lines": 21, "num_statements": 22, "percent_covered": 95.45454545454545, "percent_covered_display": "95", "missing_lines": 1, "excluded_lines": 0, "percent_statements_covered": 95.45454545454545, "percent_statements_covered_display": "95"}, "missing_lines": [66], "excluded_lines": [], "functions": {"Furniture.__repr__": {"executed_lines": [], "summary": {"covered_lines": 0, "num_statements": 1, "percent_covered": 0.0, "percent_covered_display": "0", "missing_lines": 1, "excluded_lines": 0, "percent_statements_covered": 0.0, "percent_statements_covered_display": "0"}, "missing_lines": [66], "excluded_lines": [], "start_line": 65}, "": {"executed_lines": [1, 3, 4, 6, 7, 8, 10, 13, 14, 16, 22, 29, 30, 31, 36, 41, 46, 51, 52, 59, 65], "summary": {"covered_lines": 21, "num_statements": 21, "percent_covered": 100.0, "percent_covered_display": "100", "missing_lines": 0, "excluded_lines": 0, "percent_statements_covered": 100.0, "percent_statements_covered_display": "100"}, "missing_lines": [], "excluded_lines": [], "start_line": 1}}, "classes": {"Furniture": {"executed_lines": [], "summary": {"covered_lines": 0, "num_statements": 1, "percent_covered": 0.0, "percent_covered_display": "0", "missing_lines": 1, "excluded_lines": 0, "percent_statements_covered": 0.0, "percent_statements_covered_display": "0"}, "missing_lines": [66], "excluded_lines": [], "start_line": 13}, "": {"executed_lines": [1, 3, 4, 6, 7, 8, 10, 13, 14, 16, 22, 29, 30, 31, 36, 41, 46, 51, 52, 59, 65], "summary": {"covered_lines": 21, "num_statements": 21, "percent_covered": 100.0, "percent_covered_display": "100", "missing_lines": 0, "excluded_lines": 0, "percent_statements_covered": 100.0, "percent_statements_covered_display": "100"}, "missing_lines": [], "excluded_lines": [], "start_line": 1}}}, "app/models/lead.py": {"executed_lines": [1, 3, 4, 6, 7, 8, 10, 16, 25, 34, 36, 42, 48, 54, 60, 65, 71, 78, 83, 88, 94], "summary": {"covered_lines": 21, "num_statements": 22, "percent_covered": 95.45454545454545, "percent_covered_display": "95", "missing_lines": 1, "excluded_lines": 0, "percent_statements_covered": 95.45454545454545, "percent_statements_covered_display": "95"}, "missing_lines": [95], "excluded_lines": [], "functions": {"Lead.__repr__": {"executed_lines": [], "summary": {"covered_lines": 0, "num_statements": 1, "percent_covered": 0.0, "percent_covered_display": "0", "missing_lines": 1, "excluded_lines": 0, "percent_statements_covered": 0.0, "percent_statements_covered_display": "0"}, "missing_lines": [95], "excluded_lines": [], "start_line": 94}, "": {"executed_lines": [1, 3, 4, 6, 7, 8, 10, 16, 25, 34, 36, 42, 48, 54, 60, 65, 71, 78, 83, 88, 94], "summary": {"covered_lines": 21, "num_statements": 21, "percent_covered": 100.0, "percent_covered_display": "100", "missing_lines": 0, "excluded_lines": 0, "percent_statements_covered": 100.0, "percent_statements_covered_display": "100"}, "missing_lines": [], "excluded_lines": [], "start_line": 1}}, "classes": {"Lead": {"executed_lines": [], "summary": {"covered_lines": 0, "num_statements": 1, "percent_covered": 0.0, "percent_covered_display": "0", "missing_lines": 1, "excluded_lines": 0, "percent_statements_covered": 0.0, "percent_statements_covered_display": "0"}, "missing_lines": [95], "excluded_lines": [], "start_line": 25}, "": {"executed_lines": [1, 3, 4, 6, 7, 8, 10, 16, 25, 34, 36, 42, 48, 54, 60, 65, 71, 78, 83, 88, 94], "summary": {"covered_lines": 21, "num_statements": 21, "percent_covered": 100.0, "percent_covered_display": "100", "missing_lines": 0, "excluded_lines": 0, "percent_statements_covered": 100.0, "percent_statements_covered_display": "100"}, "missing_lines": [], "excluded_lines": [], "start_line": 1}}}, "app/models/material.py": {"executed_lines": [1, 3, 4, 6, 7, 8, 10, 16, 32, 44, 45, 47, 53, 59, 60, 61, 62, 63, 66, 69, 72, 73, 80, 86], "summary": {"covered_lines": 24, "num_statements": 25, "percent_covered": 96.0, "percent_covered_display": "96", "missing_lines": 1, "excluded_lines": 0, "percent_statements_covered": 96.0, "percent_statements_covered_display": "96"}, "missing_lines": [87], "excluded_lines": [], "functions": {"Material.__repr__": {"executed_lines": [], "summary": {"covered_lines": 0, "num_statements": 1, "percent_covered": 0.0, "percent_covered_display": "0", "missing_lines": 1, "excluded_lines": 0, "percent_statements_covered": 0.0, "percent_statements_covered_display": "0"}, "missing_lines": [87], "excluded_lines": [], "start_line": 86}, "": {"executed_lines": [1, 3, 4, 6, 7, 8, 10, 16, 32, 44, 45, 47, 53, 59, 60, 61, 62, 63, 66, 69, 72, 73, 80, 86], "summary": {"covered_lines": 24, "num_statements": 24, "percent_covered": 100.0, "percent_covered_display": "100", "missing_lines": 0, "excluded_lines": 0, "percent_statements_covered": 100.0, "percent_statements_covered_display": "100"}, "missing_lines": [], "excluded_lines": [], "start_line": 1}}, "classes": {"Material": {"executed_lines": [], "summary": {"covered_lines": 0, "num_statements": 1, "percent_covered": 0.0, "percent_covered_display": "0", "missing_lines": 1, "excluded_lines": 0, "percent_statements_covered": 0.0, "percent_statements_covered_display": "0"}, "missing_lines": [87], "excluded_lines": [], "start_line": 44}, "": {"executed_lines": [1, 3, 4, 6, 7, 8, 10, 16, 32, 44, 45, 47, 53, 59, 60, 61, 62, 63, 66, 69, 72, 73, 80, 86], "summary": {"covered_lines": 24, "num_statements": 24, "percent_covered": 100.0, "percent_covered_display": "100", "missing_lines": 0, "excluded_lines": 0, "percent_statements_covered": 100.0, "percent_statements_covered_display": "100"}, "missing_lines": [], "excluded_lines": [], "start_line": 1}}}, "app/models/norm.py": {"executed_lines": [1, 3, 5, 6, 7, 9, 12, 26, 28, 33, 40, 45, 51, 57, 58, 68], "summary": {"covered_lines": 16, "num_statements": 17, "percent_covered": 94.11764705882354, "percent_covered_display": "94", "missing_lines": 1, "excluded_lines": 0, "percent_statements_covered": 94.11764705882354, "percent_statements_covered_display": "94"}, "missing_lines": [69], "excluded_lines": [], "functions": {"Norm.__repr__": {"executed_lines": [], "summary": {"covered_lines": 0, "num_statements": 1, "percent_covered": 0.0, "percent_covered_display": "0", "missing_lines": 1, "excluded_lines": 0, "percent_statements_covered": 0.0, "percent_statements_covered_display": "0"}, "missing_lines": [69], "excluded_lines": [], "start_line": 68}, "": {"executed_lines": [1, 3, 5, 6, 7, 9, 12, 26, 28, 33, 40, 45, 51, 57, 58, 68], "summary": {"covered_lines": 16, "num_statements": 16, "percent_covered": 100.0, "percent_covered_display": "100", "missing_lines": 0, "excluded_lines": 0, "percent_statements_covered": 100.0, "percent_statements_covered_display": "100"}, "missing_lines": [], "excluded_lines": [], "start_line": 1}}, "classes": {"Norm": {"executed_lines": [], "summary": {"covered_lines": 0, "num_statements": 1, "percent_covered": 0.0, "percent_covered_display": "0", "missing_lines": 1, "excluded_lines": 0, "percent_statements_covered": 0.0, "percent_statements_covered_display": "0"}, "missing_lines": [69], "excluded_lines": [], "start_line": 12}, "": {"executed_lines": [1, 3, 5, 6, 7, 9, 12, 26, 28, 33, 40, 45, 51, 57, 58, 68], "summary": {"covered_lines": 16, "num_statements": 16, "percent_covered": 100.0, "percent_covered_display": "100", "missing_lines": 0, "excluded_lines": 0, "percent_statements_covered": 100.0, "percent_statements_covered_display": "100"}, "missing_lines": [], "excluded_lines": [], "start_line": 1}}}, "app/models/room.py": {"executed_lines": [1, 3, 4, 6, 7, 8, 10, 13, 27, 29, 35, 41, 44, 47, 50, 53, 56, 61, 64, 67, 70, 74, 80, 89, 94, 100, 106], "summary": {"covered_lines": 27, "num_statements": 28, "percent_covered": 96.42857142857143, "percent_covered_display": "96", "missing_lines": 1, "excluded_lines": 0, "percent_statements_covered": 96.42857142857143, "percent_statements_covered_display": "96"}, "missing_lines": [107], "excluded_lines": [], "functions": {"Room.__repr__": {"executed_lines": [], "summary": {"covered_lines": 0, "num_statements": 1, "percent_covered": 0.0, "percent_covered_display": "0", "missing_lines": 1, "excluded_lines": 0, "percent_statements_covered": 0.0, "percent_statements_covered_display": "0"}, "missing_lines": [107], "excluded_lines": [], "start_line": 106}, "": {"executed_lines": [1, 3, 4, 6, 7, 8, 10, 13, 27, 29, 35, 41, 44, 47, 50, 53, 56, 61, 64, 67, 70, 74, 80, 89, 94, 100, 106], "summary": {"covered_lines": 27, "num_statements": 27, "percent_covered": 100.0, "percent_covered_display": "100", "missing_lines": 0, "excluded_lines": 0, "percent_statements_covered": 100.0, "percent_statements_covered_display": "100"}, "missing_lines": [], "excluded_lines": [], "start_line": 1}}, "classes": {"Room": {"executed_lines": [], "summary": {"covered_lines": 0, "num_statements": 1, "percent_covered": 0.0, "percent_covered_display": "0", "missing_lines": 1, "excluded_lines": 0, "percent_statements_covered": 0.0, "percent_statements_covered_display": "0"}, "missing_lines": [107], "excluded_lines": [], "start_line": 13}, "": {"executed_lines": [1, 3, 4, 6, 7, 8, 10, 13, 27, 29, 35, 41, 44, 47, 50, 53, 56, 61, 64, 67, 70, 74, 80, 89, 94, 100, 106], "summary": {"covered_lines": 27, "num_statements": 27, "percent_covered": 100.0, "percent_covered_display": "100", "missing_lines": 0, "excluded_lines": 0, "percent_statements_covered": 100.0, "percent_statements_covered_display": "100"}, "missing_lines": [], "excluded_lines": [], "start_line": 1}}}, "app/models/store.py": {"executed_lines": [1, 3, 4, 6, 7, 8, 10, 13, 14, 16, 22, 23, 24, 25, 26, 29, 35, 36, 43, 49, 56], "summary": {"covered_lines": 21, "num_statements": 22, "percent_covered": 95.45454545454545, "percent_covered_display": "95", "missing_lines": 1, "excluded_lines": 0, "percent_statements_covered": 95.45454545454545, "percent_statements_covered_display": "95"}, "missing_lines": [57], "excluded_lines": [], "functions": {"Store.__repr__": {"executed_lines": [], "summary": {"covered_lines": 0, "num_statements": 1, "percent_covered": 0.0, "percent_covered_display": "0", "missing_lines": 1, "excluded_lines": 0, "percent_statements_covered": 0.0, "percent_statements_covered_display": "0"}, "missing_lines": [57], "excluded_lines": [], "start_line": 56}, "": {"executed_lines": [1, 3, 4, 6, 7, 8, 10, 13, 14, 16, 22, 23, 24, 25, 26, 29, 35, 36, 43, 49, 56], "summary": {"covered_lines": 21, "num_statements": 21, "percent_covered": 100.0, "percent_covered_display": "100", "missing_lines": 0, "excluded_lines": 0, "percent_statements_covered": 100.0, "percent_statements_covered_display": "100"}, "missing_lines": [], "excluded_lines": [], "start_line": 1}}, "classes": {"Store": {"executed_lines": [], "summary": {"covered_lines": 0, "num_statements": 1, "percent_covered": 0.0, "percent_covered_display": "0", "missing_lines": 1, "excluded_lines": 0, "percent_statements_covered": 0.0, "percent_statements_covered_display": "0"}, "missing_lines": [57], "excluded_lines": [], "start_line": 13}, "": {"executed_lines": [1, 3, 4, 6, 7, 8, 10, 13, 14, 16, 22, 23, 24, 25, 26, 29, 35, 36, 43, 49, 56], "summary": {"covered_lines": 21, "num_statements": 21, "percent_covered": 100.0, "percent_covered_display": "100", "missing_lines": 0, "excluded_lines": 0, "percent_statements_covered": 100.0, "percent_statements_covered_display": "100"}, "missing_lines": [], "excluded_lines": [], "start_line": 1}}}, "app/models/user.py": {"executed_lines": [1, 3, 4, 6, 7, 8, 10, 13, 14, 16, 22, 28, 34, 35, 36, 37, 42, 50, 56, 63], "summary": {"covered_lines": 20, "num_statements": 21, "percent_covered": 95.23809523809524, "percent_covered_display": "95", "missing_lines": 1, "excluded_lines": 0, "percent_statements_covered": 95.23809523809524, "percent_statements_covered_display": "95"}, "missing_lines": [64], "excluded_lines": [], "functions": {"User.__repr__": {"executed_lines": [], "summary": {"covered_lines": 0, "num_statements": 1, "percent_covered": 0.0, "percent_covered_display": "0", "missing_lines": 1, "excluded_lines": 0, "percent_statements_covered": 0.0, "percent_statements_covered_display": "0"}, "missing_lines": [64], "excluded_lines": [], "start_line": 63}, "": {"executed_lines": [1, 3, 4, 6, 7, 8, 10, 13, 14, 16, 22, 28, 34, 35, 36, 37, 42, 50, 56, 63], "summary": {"covered_lines": 20, "num_statements": 20, "percent_covered": 100.0, "percent_covered_display": "100", "missing_lines": 0, "excluded_lines": 0, "percent_statements_covered": 100.0, "percent_statements_covered_display": "100"}, "missing_lines": [], "excluded_lines": [], "start_line": 1}}, "classes": {"User": {"executed_lines": [], "summary": {"covered_lines": 0, "num_statements": 1, "percent_covered": 0.0, "percent_covered_display": "0", "missing_lines": 1, "excluded_lines": 0, "percent_statements_covered": 0.0, "percent_statements_covered_display": "0"}, "missing_lines": [64], "excluded_lines": [], "start_line": 13}, "": {"executed_lines": [1, 3, 4, 6, 7, 8, 10, 13, 14, 16, 22, 28, 34, 35, 36, 37, 42, 50, 56, 63], "summary": {"covered_lines": 20, "num_statements": 20, "percent_covered": 100.0, "percent_covered_display": "100", "missing_lines": 0, "excluded_lines": 0, "percent_statements_covered": 100.0, "percent_statements_covered_display": "100"}, "missing_lines": [], "excluded_lines": [], "start_line": 1}}}, "app/models/usta.py": {"executed_lines": [1, 3, 4, 6, 7, 8, 10, 16, 27, 30, 32, 38, 39, 40, 41, 42, 43, 49, 52, 55, 58, 61, 62, 69, 76], "summary": {"covered_lines": 25, "num_statements": 26, "percent_covered": 96.15384615384616, "percent_covered_display": "96", "missing_lines": 1, "excluded_lines": 0, "percent_statements_covered": 96.15384615384616, "percent_statements_covered_display": "96"}, "missing_lines": [77], "excluded_lines": [], "functions": {"Usta.__repr__": {"executed_lines": [], "summary": {"covered_lines": 0, "num_statements": 1, "percent_covered": 0.0, "percent_covered_display": "0", "missing_lines": 1, "excluded_lines": 0, "percent_statements_covered": 0.0, "percent_statements_covered_display": "0"}, "missing_lines": [77], "excluded_lines": [], "start_line": 76}, "": {"executed_lines": [1, 3, 4, 6, 7, 8, 10, 16, 27, 30, 32, 38, 39, 40, 41, 42, 43, 49, 52, 55, 58, 61, 62, 69, 76], "summary": {"covered_lines": 25, "num_statements": 25, "percent_covered": 100.0, "percent_covered_display": "100", "missing_lines": 0, "excluded_lines": 0, "percent_statements_covered": 100.0, "percent_statements_covered_display": "100"}, "missing_lines": [], "excluded_lines": [], "start_line": 1}}, "classes": {"Usta": {"executed_lines": [], "summary": {"covered_lines": 0, "num_statements": 1, "percent_covered": 0.0, "percent_covered_display": "0", "missing_lines": 1, "excluded_lines": 0, "percent_statements_covered": 0.0, "percent_statements_covered_display": "0"}, "missing_lines": [77], "excluded_lines": [], "start_line": 27}, "": {"executed_lines": [1, 3, 4, 6, 7, 8, 10, 16, 27, 30, 32, 38, 39, 40, 41, 42, 43, 49, 52, 55, 58, 61, 62, 69, 76], "summary": {"covered_lines": 25, "num_statements": 25, "percent_covered": 100.0, "percent_covered_display": "100", "missing_lines": 0, "excluded_lines": 0, "percent_statements_covered": 100.0, "percent_statements_covered_display": "100"}, "missing_lines": [], "excluded_lines": [], "start_line": 1}}}, "app/routers/__init__.py": {"executed_lines": [3, 5], "summary": {"covered_lines": 2, "num_statements": 2, "percent_covered": 100.0, "percent_covered_display": "100", "missing_lines": 0, "excluded_lines": 0, "percent_statements_covered": 100.0, "percent_statements_covered_display": "100"}, "missing_lines": [], "excluded_lines": [], "functions": {"": {"executed_lines": [3, 5], "summary": {"covered_lines": 2, "num_statements": 2, "percent_covered": 100.0, "percent_covered_display": "100", "missing_lines": 0, "excluded_lines": 0, "percent_statements_covered": 100.0, "percent_statements_covered_display": "100"}, "missing_lines": [], "excluded_lines": [], "start_line": 1}}, "classes": {"": {"executed_lines": [3, 5], "summary": {"covered_lines": 2, "num_statements": 2, "percent_covered": 100.0, "percent_covered_display": "100", "missing_lines": 0, "excluded_lines": 0, "percent_statements_covered": 100.0, "percent_statements_covered_display": "100"}, "missing_lines": [], "excluded_lines": [], "start_line": 1}}}, "app/routers/ai.py": {"executed_lines": [6, 8, 9, 11, 12, 13, 14, 15, 16, 18, 19, 20, 21, 22, 23, 24, 25, 26, 27, 29, 30, 37, 49, 68, 86, 95, 96, 99, 104, 204, 205, 208, 209, 210, 213, 218], "summary": {"covered_lines": 36, "num_statements": 128, "percent_covered": 28.125, "percent_covered_display": "28", "missing_lines": 92, "excluded_lines": 0, "percent_statements_covered": 28.125, "percent_statements_covered_display": "28"}, "missing_lines": [38, 43, 44, 45, 46, 51, 54, 55, 56, 64, 65, 70, 73, 87, 88, 110, 111, 116, 117, 118, 119, 121, 131, 136, 141, 143, 145, 147, 150, 151, 152, 153, 154, 155, 156, 157, 158, 159, 162, 163, 164, 165, 168, 169, 171, 172, 179, 180, 188, 190, 224, 225, 230, 231, 233, 234, 236, 237, 238, 239, 240, 245, 247, 248, 251, 255, 262, 263, 264, 265, 266, 267, 268, 269, 274, 275, 280, 281, 282, 283, 285, 293, 294, 302, 303, 305, 306, 309, 310, 311, 312, 314], "excluded_lines": [], "functions": {"_get_owned_room": {"executed_lines": [], "summary": {"covered_lines": 0, "num_statements": 5, "percent_covered": 0.0, "percent_covered_display": "0", "missing_lines": 5, "excluded_lines": 0, "percent_statements_covered": 0.0, "percent_statements_covered_display": "0"}, "missing_lines": [38, 43, 44, 45, 46], "excluded_lines": [], "start_line": 37}, "_load_all_materials": {"executed_lines": [], "summary": {"covered_lines": 0, "num_statements": 6, "percent_covered": 0.0, "percent_covered_display": "0", "missing_lines": 6, "excluded_lines": 0, "percent_statements_covered": 0.0, "percent_statements_covered_display": "0"}, "missing_lines": [51, 54, 55, 56, 64, 65], "excluded_lines": [], "start_line": 49}, "_load_all_furniture": {"executed_lines": [], "summary": {"covered_lines": 0, "num_statements": 2, "percent_covered": 0.0, "percent_covered_display": "0", "missing_lines": 2, "excluded_lines": 0, "percent_statements_covered": 0.0, "percent_statements_covered_display": "0"}, "missing_lines": [70, 73], "excluded_lines": [], "start_line": 68}, "_load_norms": {"executed_lines": [], "summary": {"covered_lines": 0, "num_statements": 2, "percent_covered": 0.0, "percent_covered_display": "0", "missing_lines": 2, "excluded_lines": 0, "percent_statements_covered": 0.0, "percent_statements_covered_display": "0"}, "missing_lines": [87, 88], "excluded_lines": [], "start_line": 86}, "ai_build": {"executed_lines": [], "summary": {"covered_lines": 0, "num_statements": 13, "percent_covered": 0.0, "percent_covered_display": "0", "missing_lines": 13, "excluded_lines": 0, "percent_statements_covered": 0.0, "percent_statements_covered_display": "0"}, "missing_lines": [110, 111, 116, 117, 118, 119, 121, 131, 136, 141, 143, 179, 190], "excluded_lines": [], "start_line": 104}, "ai_build.estimate_fn": {"executed_lines": [], "summary": {"covered_lines": 0, "num_statements": 20, "percent_covered": 0.0, "percent_covered_display": "0", "missing_lines": 20, "excluded_lines": 0, "percent_statements_covered": 0.0, "percent_statements_covered_display": "0"}, "missing_lines": [145, 147, 150, 151, 152, 153, 154, 155, 156, 157, 158, 159, 162, 163, 164, 165, 168, 169, 171, 172], "excluded_lines": [], "start_line": 143}, "ai_build._stream": {"executed_lines": [], "summary": {"covered_lines": 0, "num_statements": 2, "percent_covered": 0.0, "percent_covered_display": "0", "missing_lines": 2, "excluded_lines": 0, "percent_statements_covered": 0.0, "percent_statements_covered_display": "0"}, "missing_lines": [180, 188], "excluded_lines": [], "start_line": 179}, "smeta_ask": {"executed_lines": [], "summary": {"covered_lines": 0, "num_statements": 42, "percent_covered": 0.0, "percent_covered_display": "0", "missing_lines": 42, "excluded_lines": 0, "percent_statements_covered": 0.0, "percent_statements_covered_display": "0"}, "missing_lines": [224, 225, 230, 231, 233, 234, 236, 237, 238, 239, 240, 245, 247, 248, 251, 255, 262, 263, 264, 265, 266, 267, 268, 269, 274, 275, 280, 281, 282, 283, 285, 293, 294, 302, 303, 305, 306, 309, 310, 311, 312, 314], "excluded_lines": [], "start_line": 218}, "": {"executed_lines": [6, 8, 9, 11, 12, 13, 14, 15, 16, 18, 19, 20, 21, 22, 23, 24, 25, 26, 27, 29, 30, 37, 49, 68, 86, 95, 96, 99, 104, 204, 205, 208, 209, 210, 213, 218], "summary": {"covered_lines": 36, "num_statements": 36, "percent_covered": 100.0, "percent_covered_display": "100", "missing_lines": 0, "excluded_lines": 0, "percent_statements_covered": 100.0, "percent_statements_covered_display": "100"}, "missing_lines": [], "excluded_lines": [], "start_line": 1}}, "classes": {"AiBuildRequest": {"executed_lines": [], "summary": {"covered_lines": 0, "num_statements": 0, "percent_covered": 100.0, "percent_covered_display": "100", "missing_lines": 0, "excluded_lines": 0, "percent_statements_covered": 100.0, "percent_statements_covered_display": "100"}, "missing_lines": [], "excluded_lines": [], "start_line": 95}, "SmetaAskRequest": {"executed_lines": [], "summary": {"covered_lines": 0, "num_statements": 0, "percent_covered": 100.0, "percent_covered_display": "100", "missing_lines": 0, "excluded_lines": 0, "percent_statements_covered": 100.0, "percent_statements_covered_display": "100"}, "missing_lines": [], "excluded_lines": [], "start_line": 204}, "SmetaAskResponse": {"executed_lines": [], "summary": {"covered_lines": 0, "num_statements": 0, "percent_covered": 100.0, "percent_covered_display": "100", "missing_lines": 0, "excluded_lines": 0, "percent_statements_covered": 100.0, "percent_statements_covered_display": "100"}, "missing_lines": [], "excluded_lines": [], "start_line": 208}, "": {"executed_lines": [6, 8, 9, 11, 12, 13, 14, 15, 16, 18, 19, 20, 21, 22, 23, 24, 25, 26, 27, 29, 30, 37, 49, 68, 86, 95, 96, 99, 104, 204, 205, 208, 209, 210, 213, 218], "summary": {"covered_lines": 36, "num_statements": 128, "percent_covered": 28.125, "percent_covered_display": "28", "missing_lines": 92, "excluded_lines": 0, "percent_statements_covered": 28.125, "percent_statements_covered_display": "28"}, "missing_lines": [38, 43, 44, 45, 46, 51, 54, 55, 56, 64, 65, 70, 73, 87, 88, 110, 111, 116, 117, 118, 119, 121, 131, 136, 141, 143, 145, 147, 150, 151, 152, 153, 154, 155, 156, 157, 158, 159, 162, 163, 164, 165, 168, 169, 171, 172, 179, 180, 188, 190, 224, 225, 230, 231, 233, 234, 236, 237, 238, 239, 240, 245, 247, 248, 251, 255, 262, 263, 264, 265, 266, 267, 268, 269, 274, 275, 280, 281, 282, 283, 285, 293, 294, 302, 303, 305, 306, 309, 310, 311, 312, 314], "excluded_lines": [], "start_line": 1}}}, "app/routers/apartments.py": {"executed_lines": [1, 3, 5, 6, 7, 8, 10, 11, 12, 13, 15, 17, 20, 25, 41, 47, 60, 65, 80, 86], "summary": {"covered_lines": 20, "num_statements": 45, "percent_covered": 44.44444444444444, "percent_covered_display": "44", "missing_lines": 25, "excluded_lines": 0, "percent_statements_covered": 44.44444444444444, "percent_statements_covered_display": "44"}, "missing_lines": [26, 32, 34, 35, 36, 37, 38, 48, 54, 55, 56, 57, 66, 71, 72, 73, 75, 76, 77, 87, 90, 91, 92, 93, 94], "excluded_lines": [], "functions": {"list_apartments": {"executed_lines": [], "summary": {"covered_lines": 0, "num_statements": 7, "percent_covered": 0.0, "percent_covered_display": "0", "missing_lines": 7, "excluded_lines": 0, "percent_statements_covered": 0.0, "percent_statements_covered_display": "0"}, "missing_lines": [26, 32, 34, 35, 36, 37, 38], "excluded_lines": [], "start_line": 25}, "create_apartment": {"executed_lines": [], "summary": {"covered_lines": 0, "num_statements": 5, "percent_covered": 0.0, "percent_covered_display": "0", "missing_lines": 5, "excluded_lines": 0, "percent_statements_covered": 0.0, "percent_statements_covered_display": "0"}, "missing_lines": [48, 54, 55, 56, 57], "excluded_lines": [], "start_line": 47}, "get_apartment": {"executed_lines": [], "summary": {"covered_lines": 0, "num_statements": 7, "percent_covered": 0.0, "percent_covered_display": "0", "missing_lines": 7, "excluded_lines": 0, "percent_statements_covered": 0.0, "percent_statements_covered_display": "0"}, "missing_lines": [66, 71, 72, 73, 75, 76, 77], "excluded_lines": [], "start_line": 65}, "delete_apartment": {"executed_lines": [], "summary": {"covered_lines": 0, "num_statements": 6, "percent_covered": 0.0, "percent_covered_display": "0", "missing_lines": 6, "excluded_lines": 0, "percent_statements_covered": 0.0, "percent_statements_covered_display": "0"}, "missing_lines": [87, 90, 91, 92, 93, 94], "excluded_lines": [], "start_line": 86}, "": {"executed_lines": [1, 3, 5, 6, 7, 8, 10, 11, 12, 13, 15, 17, 20, 25, 41, 47, 60, 65, 80, 86], "summary": {"covered_lines": 20, "num_statements": 20, "percent_covered": 100.0, "percent_covered_display": "100", "missing_lines": 0, "excluded_lines": 0, "percent_statements_covered": 100.0, "percent_statements_covered_display": "100"}, "missing_lines": [], "excluded_lines": [], "start_line": 1}}, "classes": {"": {"executed_lines": [1, 3, 5, 6, 7, 8, 10, 11, 12, 13, 15, 17, 20, 25, 41, 47, 60, 65, 80, 86], "summary": {"covered_lines": 20, "num_statements": 45, "percent_covered": 44.44444444444444, "percent_covered_display": "44", "missing_lines": 25, "excluded_lines": 0, "percent_statements_covered": 44.44444444444444, "percent_statements_covered_display": "44"}, "missing_lines": [26, 32, 34, 35, 36, 37, 38, 48, 54, 55, 56, 57, 66, 71, 72, 73, 75, 76, 77, 87, 90, 91, 92, 93, 94], "excluded_lines": [], "start_line": 1}}}, "app/routers/auth.py": {"executed_lines": [1, 3, 4, 6, 7, 8, 9, 11, 13, 14, 15, 16, 17, 18, 19, 20, 22, 26, 29, 31, 33, 34, 35, 36, 37, 38, 40, 41, 42, 45, 46, 57, 59, 70, 72, 76, 79, 84, 86, 89, 90, 91, 93, 94, 102, 103, 104, 105, 106, 107, 111, 112, 113, 114, 115, 118, 119, 120, 121, 127, 128, 129, 130, 131, 133, 134, 136, 137, 138, 139, 143, 144, 147, 153, 160, 162, 163, 164, 165, 171, 172, 173, 174, 175, 176, 177, 178, 201, 206, 210, 216, 254, 259, 260, 261, 268, 274, 279, 303, 309, 314], "summary": {"covered_lines": 101, "num_statements": 156, "percent_covered": 64.74358974358974, "percent_covered_display": "65", "missing_lines": 55, "excluded_lines": 0, "percent_statements_covered": 64.74358974358974, "percent_statements_covered_display": "65"}, "missing_lines": [23, 27, 73, 74, 75, 95, 96, 122, 140, 141, 166, 183, 185, 186, 187, 188, 189, 190, 192, 194, 195, 196, 198, 207, 225, 226, 231, 232, 233, 238, 239, 240, 241, 246, 248, 249, 251, 280, 281, 286, 291, 292, 294, 296, 297, 298, 300, 315, 317, 318, 323, 325, 326, 327, 329], "excluded_lines": [], "functions": {"_hash_password": {"executed_lines": [], "summary": {"covered_lines": 0, "num_statements": 1, "percent_covered": 0.0, "percent_covered_display": "0", "missing_lines": 1, "excluded_lines": 0, "percent_statements_covered": 0.0, "percent_statements_covered_display": "0"}, "missing_lines": [23], "excluded_lines": [], "start_line": 22}, "_verify_password": {"executed_lines": [], "summary": {"covered_lines": 0, "num_statements": 1, "percent_covered": 0.0, "percent_covered_display": "0", "missing_lines": 1, "excluded_lines": 0, "percent_statements_covered": 0.0, "percent_statements_covered_display": "0"}, "missing_lines": [27], "excluded_lines": [], "start_line": 26}, "_set_auth_cookie": {"executed_lines": [46], "summary": {"covered_lines": 1, "num_statements": 1, "percent_covered": 100.0, "percent_covered_display": "100", "missing_lines": 0, "excluded_lines": 0, "percent_statements_covered": 100.0, "percent_statements_covered_display": "100"}, "missing_lines": [], "excluded_lines": [], "start_line": 45}, "_set_refresh_cookie": {"executed_lines": [59], "summary": {"covered_lines": 1, "num_statements": 1, "percent_covered": 100.0, "percent_covered_display": "100", "missing_lines": 0, "excluded_lines": 0, "percent_statements_covered": 100.0, "percent_statements_covered_display": "100"}, "missing_lines": [], "excluded_lines": [], "start_line": 57}, "_get_client_ip": {"executed_lines": [72, 76], "summary": {"covered_lines": 2, "num_statements": 5, "percent_covered": 40.0, "percent_covered_display": "40", "missing_lines": 3, "excluded_lines": 0, "percent_statements_covered": 40.0, "percent_statements_covered_display": "40"}, "missing_lines": [73, 74, 75], "excluded_lines": [], "start_line": 70}, "request_otp": {"executed_lines": [86, 89, 90, 91, 93, 94, 102, 103, 104, 105, 106, 107, 111, 112, 113, 114, 115, 118, 119, 120, 121, 127, 128, 129, 130, 131, 133, 134, 136, 137, 138, 139, 143, 144], "summary": {"covered_lines": 34, "num_statements": 39, "percent_covered": 87.17948717948718, "percent_covered_display": "87", "missing_lines": 5, "excluded_lines": 0, "percent_statements_covered": 87.17948717948718, "percent_statements_covered_display": "87"}, "missing_lines": [95, 96, 122, 140, 141], "excluded_lines": [], "start_line": 84}, "verify_otp_endpoint": {"executed_lines": [160, 162, 163, 164, 165, 171, 172, 173, 174, 175, 176, 177, 178], "summary": {"covered_lines": 13, "num_statements": 26, "percent_covered": 50.0, "percent_covered_display": "50", "missing_lines": 13, "excluded_lines": 0, "percent_statements_covered": 50.0, "percent_statements_covered_display": "50"}, "missing_lines": [166, 183, 185, 186, 187, 188, 189, 190, 192, 194, 195, 196, 198], "excluded_lines": [], "start_line": 153}, "get_me": {"executed_lines": [], "summary": {"covered_lines": 0, "num_statements": 1, "percent_covered": 0.0, "percent_covered_display": "0", "missing_lines": 1, "excluded_lines": 0, "percent_statements_covered": 0.0, "percent_statements_covered_display": "0"}, "missing_lines": [207], "excluded_lines": [], "start_line": 206}, "refresh_tokens": {"executed_lines": [], "summary": {"covered_lines": 0, "num_statements": 13, "percent_covered": 0.0, "percent_covered_display": "0", "missing_lines": 13, "excluded_lines": 0, "percent_statements_covered": 0.0, "percent_statements_covered_display": "0"}, "missing_lines": [225, 226, 231, 232, 233, 238, 239, 240, 241, 246, 248, 249, 251], "excluded_lines": [], "start_line": 216}, "logout": {"executed_lines": [260, 261], "summary": {"covered_lines": 2, "num_statements": 2, "percent_covered": 100.0, "percent_covered_display": "100", "missing_lines": 0, "excluded_lines": 0, "percent_statements_covered": 100.0, "percent_statements_covered_display": "100"}, "missing_lines": [], "excluded_lines": [], "start_line": 259}, "register": {"executed_lines": [279], "summary": {"covered_lines": 1, "num_statements": 11, "percent_covered": 9.090909090909092, "percent_covered_display": "9", "missing_lines": 10, "excluded_lines": 0, "percent_statements_covered": 9.090909090909092, "percent_statements_covered_display": "9"}, "missing_lines": [280, 281, 286, 291, 292, 294, 296, 297, 298, 300], "excluded_lines": [], "start_line": 274}, "login_with_password": {"executed_lines": [314], "summary": {"covered_lines": 1, "num_statements": 9, "percent_covered": 11.11111111111111, "percent_covered_display": "11", "missing_lines": 8, "excluded_lines": 0, "percent_statements_covered": 11.11111111111111, "percent_statements_covered_display": "11"}, "missing_lines": [315, 317, 318, 323, 325, 326, 327, 329], "excluded_lines": [], "start_line": 309}, "": {"executed_lines": [1, 3, 4, 6, 7, 8, 9, 11, 13, 14, 15, 16, 17, 18, 19, 20, 22, 26, 29, 31, 33, 34, 35, 36, 37, 38, 40, 41, 42, 45, 57, 70, 79, 84, 147, 153, 201, 206, 210, 216, 254, 259, 268, 274, 303, 309], "summary": {"covered_lines": 46, "num_statements": 46, "percent_covered": 100.0, "percent_covered_display": "100", "missing_lines": 0, "excluded_lines": 0, "percent_statements_covered": 100.0, "percent_statements_covered_display": "100"}, "missing_lines": [], "excluded_lines": [], "start_line": 1}}, "classes": {"": {"executed_lines": [1, 3, 4, 6, 7, 8, 9, 11, 13, 14, 15, 16, 17, 18, 19, 20, 22, 26, 29, 31, 33, 34, 35, 36, 37, 38, 40, 41, 42, 45, 46, 57, 59, 70, 72, 76, 79, 84, 86, 89, 90, 91, 93, 94, 102, 103, 104, 105, 106, 107, 111, 112, 113, 114, 115, 118, 119, 120, 121, 127, 128, 129, 130, 131, 133, 134, 136, 137, 138, 139, 143, 144, 147, 153, 160, 162, 163, 164, 165, 171, 172, 173, 174, 175, 176, 177, 178, 201, 206, 210, 216, 254, 259, 260, 261, 268, 274, 279, 303, 309, 314], "summary": {"covered_lines": 101, "num_statements": 156, "percent_covered": 64.74358974358974, "percent_covered_display": "65", "missing_lines": 55, "excluded_lines": 0, "percent_statements_covered": 64.74358974358974, "percent_statements_covered_display": "65"}, "missing_lines": [23, 27, 73, 74, 75, 95, 96, 122, 140, 141, 166, 183, 185, 186, 187, 188, 189, 190, 192, 194, 195, 196, 198, 207, 225, 226, 231, 232, 233, 238, 239, 240, 241, 246, 248, 249, 251, 280, 281, 286, 291, 292, 294, 296, 297, 298, 300, 315, 317, 318, 323, 325, 326, 327, 329], "excluded_lines": [], "start_line": 1}}}, "app/routers/catalog.py": {"executed_lines": [1, 3, 4, 5, 7, 8, 9, 10, 12, 13, 14, 15, 16, 17, 18, 19, 20, 22, 24, 26, 28, 35, 40, 83, 88, 127, 132, 154, 159], "summary": {"covered_lines": 29, "num_statements": 88, "percent_covered": 32.95454545454545, "percent_covered_display": "33", "missing_lines": 59, "excluded_lines": 0, "percent_statements_covered": 32.95454545454545, "percent_statements_covered_display": "33"}, "missing_lines": [47, 48, 49, 50, 52, 53, 55, 56, 57, 58, 59, 60, 62, 63, 65, 66, 67, 69, 75, 76, 94, 95, 96, 97, 99, 100, 102, 103, 104, 106, 107, 109, 110, 111, 113, 119, 120, 133, 134, 135, 137, 140, 141, 142, 147, 164, 165, 166, 167, 169, 170, 171, 172, 173, 175, 176, 177, 178, 183], "excluded_lines": [], "functions": {"list_materials": {"executed_lines": [], "summary": {"covered_lines": 0, "num_statements": 20, "percent_covered": 0.0, "percent_covered_display": "0", "missing_lines": 20, "excluded_lines": 0, "percent_statements_covered": 0.0, "percent_statements_covered_display": "0"}, "missing_lines": [47, 48, 49, 50, 52, 53, 55, 56, 57, 58, 59, 60, 62, 63, 65, 66, 67, 69, 75, 76], "excluded_lines": [], "start_line": 40}, "list_furniture": {"executed_lines": [], "summary": {"covered_lines": 0, "num_statements": 17, "percent_covered": 0.0, "percent_covered_display": "0", "missing_lines": 17, "excluded_lines": 0, "percent_statements_covered": 0.0, "percent_statements_covered_display": "0"}, "missing_lines": [94, 95, 96, 97, 99, 100, 102, 103, 104, 106, 107, 109, 110, 111, 113, 119, 120], "excluded_lines": [], "start_line": 88}, "list_stores": {"executed_lines": [], "summary": {"covered_lines": 0, "num_statements": 8, "percent_covered": 0.0, "percent_covered_display": "0", "missing_lines": 8, "excluded_lines": 0, "percent_statements_covered": 0.0, "percent_statements_covered_display": "0"}, "missing_lines": [133, 134, 135, 137, 140, 141, 142, 147], "excluded_lines": [], "start_line": 132}, "list_ustalar": {"executed_lines": [], "summary": {"covered_lines": 0, "num_statements": 14, "percent_covered": 0.0, "percent_covered_display": "0", "missing_lines": 14, "excluded_lines": 0, "percent_statements_covered": 0.0, "percent_statements_covered_display": "0"}, "missing_lines": [164, 165, 166, 167, 169, 170, 171, 172, 173, 175, 176, 177, 178, 183], "excluded_lines": [], "start_line": 159}, "": {"executed_lines": [1, 3, 4, 5, 7, 8, 9, 10, 12, 13, 14, 15, 16, 17, 18, 19, 20, 22, 24, 26, 28, 35, 40, 83, 88, 127, 132, 154, 159], "summary": {"covered_lines": 29, "num_statements": 29, "percent_covered": 100.0, "percent_covered_display": "100", "missing_lines": 0, "excluded_lines": 0, "percent_statements_covered": 100.0, "percent_statements_covered_display": "100"}, "missing_lines": [], "excluded_lines": [], "start_line": 1}}, "classes": {"": {"executed_lines": [1, 3, 4, 5, 7, 8, 9, 10, 12, 13, 14, 15, 16, 17, 18, 19, 20, 22, 24, 26, 28, 35, 40, 83, 88, 127, 132, 154, 159], "summary": {"covered_lines": 29, "num_statements": 88, "percent_covered": 32.95454545454545, "percent_covered_display": "33", "missing_lines": 59, "excluded_lines": 0, "percent_statements_covered": 32.95454545454545, "percent_statements_covered_display": "33"}, "missing_lines": [47, 48, 49, 50, 52, 53, 55, 56, 57, 58, 59, 60, 62, 63, 65, 66, 67, 69, 75, 76, 94, 95, 96, 97, 99, 100, 102, 103, 104, 106, 107, 109, 110, 111, 113, 119, 120, 133, 134, 135, 137, 140, 141, 142, 147, 164, 165, 166, 167, 169, 170, 171, 172, 173, 175, 176, 177, 178, 183], "excluded_lines": [], "start_line": 1}}}, "app/routers/draft_rooms.py": {"executed_lines": [1, 3, 4, 6, 7, 9, 10, 11, 13, 16, 17, 25, 26, 34, 35, 47, 48], "summary": {"covered_lines": 17, "num_statements": 41, "percent_covered": 41.46341463414634, "percent_covered_display": "41", "missing_lines": 24, "excluded_lines": 0, "percent_statements_covered": 41.46341463414634, "percent_statements_covered_display": "41"}, "missing_lines": [18, 19, 20, 21, 22, 27, 28, 29, 30, 31, 36, 37, 38, 39, 40, 41, 42, 43, 44, 49, 50, 51, 52, 53], "excluded_lines": [], "functions": {"create_draft": {"executed_lines": [], "summary": {"covered_lines": 0, "num_statements": 5, "percent_covered": 0.0, "percent_covered_display": "0", "missing_lines": 5, "excluded_lines": 0, "percent_statements_covered": 0.0, "percent_statements_covered_display": "0"}, "missing_lines": [18, 19, 20, 21, 22], "excluded_lines": [], "start_line": 17}, "get_draft": {"executed_lines": [], "summary": {"covered_lines": 0, "num_statements": 5, "percent_covered": 0.0, "percent_covered_display": "0", "missing_lines": 5, "excluded_lines": 0, "percent_statements_covered": 0.0, "percent_statements_covered_display": "0"}, "missing_lines": [27, 28, 29, 30, 31], "excluded_lines": [], "start_line": 26}, "update_draft": {"executed_lines": [], "summary": {"covered_lines": 0, "num_statements": 9, "percent_covered": 0.0, "percent_covered_display": "0", "missing_lines": 9, "excluded_lines": 0, "percent_statements_covered": 0.0, "percent_statements_covered_display": "0"}, "missing_lines": [36, 37, 38, 39, 40, 41, 42, 43, 44], "excluded_lines": [], "start_line": 35}, "delete_draft": {"executed_lines": [], "summary": {"covered_lines": 0, "num_statements": 5, "percent_covered": 0.0, "percent_covered_display": "0", "missing_lines": 5, "excluded_lines": 0, "percent_statements_covered": 0.0, "percent_statements_covered_display": "0"}, "missing_lines": [49, 50, 51, 52, 53], "excluded_lines": [], "start_line": 48}, "": {"executed_lines": [1, 3, 4, 6, 7, 9, 10, 11, 13, 16, 17, 25, 26, 34, 35, 47, 48], "summary": {"covered_lines": 17, "num_statements": 17, "percent_covered": 100.0, "percent_covered_display": "100", "missing_lines": 0, "excluded_lines": 0, "percent_statements_covered": 100.0, "percent_statements_covered_display": "100"}, "missing_lines": [], "excluded_lines": [], "start_line": 1}}, "classes": {"": {"executed_lines": [1, 3, 4, 6, 7, 9, 10, 11, 13, 16, 17, 25, 26, 34, 35, 47, 48], "summary": {"covered_lines": 17, "num_statements": 41, "percent_covered": 41.46341463414634, "percent_covered_display": "41", "missing_lines": 24, "excluded_lines": 0, "percent_statements_covered": 41.46341463414634, "percent_statements_covered_display": "41"}, "missing_lines": [18, 19, 20, 21, 22, 27, 28, 29, 30, 31, 36, 37, 38, 39, 40, 41, 42, 43, 44, 49, 50, 51, 52, 53], "excluded_lines": [], "start_line": 1}}}, "app/routers/estimate.py": {"executed_lines": [19, 21, 22, 23, 24, 25, 26, 28, 29, 30, 31, 32, 33, 34, 42, 43, 45, 46, 47, 48, 49, 50, 51, 52, 54, 61, 81, 102, 117, 134, 143, 149, 182, 188, 225, 230, 255, 256, 257, 258, 261], "summary": {"covered_lines": 41, "num_statements": 136, "percent_covered": 30.147058823529413, "percent_covered_display": "30", "missing_lines": 95, "excluded_lines": 0, "percent_statements_covered": 30.147058823529413, "percent_statements_covered_display": "30"}, "missing_lines": [67, 72, 73, 74, 78, 86, 87, 88, 89, 90, 91, 92, 93, 94, 99, 113, 114, 118, 136, 160, 161, 162, 164, 166, 193, 194, 195, 197, 200, 205, 206, 207, 209, 235, 236, 237, 239, 241, 243, 244, 263, 264, 275, 276, 283, 291, 292, 298, 304, 312, 315, 316, 320, 321, 322, 325, 327, 328, 331, 332, 334, 335, 336, 345, 346, 361, 362, 364, 366, 367, 368, 370, 371, 372, 373, 374, 382, 383, 384, 385, 388, 389, 391, 399, 403, 411, 412, 414, 419, 421, 422, 427, 428, 433, 434], "excluded_lines": [], "functions": {"_load_room_for_user": {"executed_lines": [], "summary": {"covered_lines": 0, "num_statements": 5, "percent_covered": 0.0, "percent_covered_display": "0", "missing_lines": 5, "excluded_lines": 0, "percent_statements_covered": 0.0, "percent_statements_covered_display": "0"}, "missing_lines": [67, 72, 73, 74, 78], "excluded_lines": [], "start_line": 61}, "_load_materials": {"executed_lines": [], "summary": {"covered_lines": 0, "num_statements": 10, "percent_covered": 0.0, "percent_covered_display": "0", "missing_lines": 10, "excluded_lines": 0, "percent_statements_covered": 0.0, "percent_statements_covered_display": "0"}, "missing_lines": [86, 87, 88, 89, 90, 91, 92, 93, 94, 99], "excluded_lines": [], "start_line": 81}, "_load_norms": {"executed_lines": [], "summary": {"covered_lines": 0, "num_statements": 2, "percent_covered": 0.0, "percent_covered_display": "0", "missing_lines": 2, "excluded_lines": 0, "percent_statements_covered": 0.0, "percent_statements_covered_display": "0"}, "missing_lines": [113, 114], "excluded_lines": [], "start_line": 102}, "_computed_to_schema_lines": {"executed_lines": [], "summary": {"covered_lines": 0, "num_statements": 1, "percent_covered": 0.0, "percent_covered_display": "0", "missing_lines": 1, "excluded_lines": 0, "percent_statements_covered": 0.0, "percent_statements_covered_display": "0"}, "missing_lines": [118], "excluded_lines": [], "start_line": 117}, "_lines_to_jsonb": {"executed_lines": [], "summary": {"covered_lines": 0, "num_statements": 1, "percent_covered": 0.0, "percent_covered_display": "0", "missing_lines": 1, "excluded_lines": 0, "percent_statements_covered": 0.0, "percent_statements_covered_display": "0"}, "missing_lines": [136], "excluded_lines": [], "start_line": 134}, "preview_estimate": {"executed_lines": [], "summary": {"covered_lines": 0, "num_statements": 5, "percent_covered": 0.0, "percent_covered_display": "0", "missing_lines": 5, "excluded_lines": 0, "percent_statements_covered": 0.0, "percent_statements_covered_display": "0"}, "missing_lines": [160, 161, 162, 164, 166], "excluded_lines": [], "start_line": 149}, "create_estimate": {"executed_lines": [], "summary": {"covered_lines": 0, "num_statements": 9, "percent_covered": 0.0, "percent_covered_display": "0", "missing_lines": 9, "excluded_lines": 0, "percent_statements_covered": 0.0, "percent_statements_covered_display": "0"}, "missing_lines": [193, 194, 195, 197, 200, 205, 206, 207, 209], "excluded_lines": [], "start_line": 188}, "get_estimate_pdf": {"executed_lines": [], "summary": {"covered_lines": 0, "num_statements": 7, "percent_covered": 0.0, "percent_covered_display": "0", "missing_lines": 7, "excluded_lines": 0, "percent_statements_covered": 0.0, "percent_statements_covered_display": "0"}, "missing_lines": [235, 236, 237, 239, 241, 243, 244], "excluded_lines": [], "start_line": 230}, "_build_pdf": {"executed_lines": [], "summary": {"covered_lines": 0, "num_statements": 49, "percent_covered": 0.0, "percent_covered_display": "0", "missing_lines": 49, "excluded_lines": 0, "percent_statements_covered": 0.0, "percent_statements_covered_display": "0"}, "missing_lines": [263, 264, 275, 276, 283, 291, 292, 298, 304, 312, 315, 316, 320, 321, 322, 325, 327, 331, 334, 345, 361, 364, 366, 367, 368, 370, 371, 372, 373, 374, 382, 383, 384, 385, 388, 389, 391, 399, 403, 411, 412, 414, 419, 421, 422, 427, 428, 433, 434], "excluded_lines": [], "start_line": 261}, "_build_pdf._header_row": {"executed_lines": [], "summary": {"covered_lines": 0, "num_statements": 1, "percent_covered": 0.0, "percent_covered_display": "0", "missing_lines": 1, "excluded_lines": 0, "percent_statements_covered": 0.0, "percent_statements_covered_display": "0"}, "missing_lines": [328], "excluded_lines": [], "start_line": 327}, "_build_pdf._fmt_num": {"executed_lines": [], "summary": {"covered_lines": 0, "num_statements": 1, "percent_covered": 0.0, "percent_covered_display": "0", "missing_lines": 1, "excluded_lines": 0, "percent_statements_covered": 0.0, "percent_statements_covered_display": "0"}, "missing_lines": [332], "excluded_lines": [], "start_line": 331}, "_build_pdf._line_row": {"executed_lines": [], "summary": {"covered_lines": 0, "num_statements": 2, "percent_covered": 0.0, "percent_covered_display": "0", "missing_lines": 2, "excluded_lines": 0, "percent_statements_covered": 0.0, "percent_statements_covered_display": "0"}, "missing_lines": [335, 336], "excluded_lines": [], "start_line": 334}, "_build_pdf._table_style": {"executed_lines": [], "summary": {"covered_lines": 0, "num_statements": 1, "percent_covered": 0.0, "percent_covered_display": "0", "missing_lines": 1, "excluded_lines": 0, "percent_statements_covered": 0.0, "percent_statements_covered_display": "0"}, "missing_lines": [346], "excluded_lines": [], "start_line": 345}, "_build_pdf._store_key": {"executed_lines": [], "summary": {"covered_lines": 0, "num_statements": 1, "percent_covered": 0.0, "percent_covered_display": "0", "missing_lines": 1, "excluded_lines": 0, "percent_statements_covered": 0.0, "percent_statements_covered_display": "0"}, "missing_lines": [362], "excluded_lines": [], "start_line": 361}, "": {"executed_lines": [19, 21, 22, 23, 24, 25, 26, 28, 29, 30, 31, 32, 33, 34, 42, 43, 45, 46, 47, 48, 49, 50, 51, 52, 54, 61, 81, 102, 117, 134, 143, 149, 182, 188, 225, 230, 255, 256, 257, 258, 261], "summary": {"covered_lines": 41, "num_statements": 41, "percent_covered": 100.0, "percent_covered_display": "100", "missing_lines": 0, "excluded_lines": 0, "percent_statements_covered": 100.0, "percent_statements_covered_display": "100"}, "missing_lines": [], "excluded_lines": [], "start_line": 1}}, "classes": {"": {"executed_lines": [19, 21, 22, 23, 24, 25, 26, 28, 29, 30, 31, 32, 33, 34, 42, 43, 45, 46, 47, 48, 49, 50, 51, 52, 54, 61, 81, 102, 117, 134, 143, 149, 182, 188, 225, 230, 255, 256, 257, 258, 261], "summary": {"covered_lines": 41, "num_statements": 136, "percent_covered": 30.147058823529413, "percent_covered_display": "30", "missing_lines": 95, "excluded_lines": 0, "percent_statements_covered": 30.147058823529413, "percent_statements_covered_display": "30"}, "missing_lines": [67, 72, 73, 74, 78, 86, 87, 88, 89, 90, 91, 92, 93, 94, 99, 113, 114, 118, 136, 160, 161, 162, 164, 166, 193, 194, 195, 197, 2
[...]
tatements": 0, "percent_covered": 100.0, "percent_covered_display": "100", "missing_lines": 0, "excluded_lines": 0, "percent_statements_covered": 100.0, "percent_statements_covered_display": "100"}, "missing_lines": [], "excluded_lines": [], "start_line": 66}, "": {"executed_lines": [10, 12, 13, 14, 15, 16, 18, 19, 21, 22, 24, 26, 27, 29, 34, 37, 45, 46, 47, 48, 51, 52, 53, 54, 55, 56, 59, 60, 61, 62, 65, 66, 67, 68, 75, 76, 77, 80, 82, 83, 84, 86, 87, 88, 90, 91, 98, 101, 115, 130, 206, 243], "summary": {"covered_lines": 52, "num_statements": 145, "percent_covered": 35.86206896551724, "percent_covered_display": "36", "missing_lines": 93, "excluded_lines": 0, "percent_statements_covered": 35.86206896551724, "percent_statements_covered_display": "36"}, "missing_lines": [103, 104, 106, 107, 108, 117, 118, 119, 127, 132, 134, 135, 136, 139, 140, 145, 147, 148, 149, 152, 153, 155, 156, 157, 159, 160, 161, 162, 163, 165, 166, 168, 170, 171, 172, 175, 176, 177, 179, 180, 181, 182, 183, 184, 193, 194, 195, 197, 198, 199, 201, 203, 208, 210, 211, 213, 214, 217, 218, 219, 220, 221, 222, 223, 224, 231, 236, 268, 269, 271, 272, 274, 277, 280, 281, 283, 289, 290, 292, 293, 294, 295, 296, 297, 305, 306, 307, 308, 309, 310, 313, 315, 317], "excluded_lines": [], "start_line": 1}}}, "app/services/meshy.py": {"executed_lines": [7, 9, 10, 11, 13, 14, 16, 18, 21, 24, 27, 30, 38, 81, 108, 157, 184, 228, 231], "summary": {"covered_lines": 19, "num_statements": 80, "percent_covered": 23.75, "percent_covered_display": "24", "missing_lines": 61, "excluded_lines": 1, "percent_statements_covered": 23.75, "percent_statements_covered_display": "24"}, "missing_lines": [31, 32, 33, 57, 58, 60, 66, 67, 68, 73, 74, 75, 76, 77, 78, 79, 93, 94, 96, 97, 98, 102, 103, 104, 105, 106, 128, 129, 130, 131, 133, 140, 141, 142, 144, 145, 146, 147, 149, 150, 152, 153, 155, 174, 175, 176, 177, 178, 179, 180, 181, 182, 212, 213, 215, 216, 219, 220, 234, 235, 236], "excluded_lines": [190], "functions": {"MeshyClient.__init__": {"executed_lines": [], "summary": {"covered_lines": 0, "num_statements": 3, "percent_covered": 0.0, "percent_covered_display": "0", "missing_lines": 3, "excluded_lines": 0, "percent_statements_covered": 0.0, "percent_statements_covered_display": "0"}, "missing_lines": [31, 32, 33], "excluded_lines": [], "start_line": 30}, "MeshyClient.image_to_3d": {"executed_lines": [], "summary": {"covered_lines": 0, "num_statements": 13, "percent_covered": 0.0, "percent_covered_display": "0", "missing_lines": 13, "excluded_lines": 0, "percent_statements_covered": 0.0, "percent_statements_covered_display": "0"}, "missing_lines": [57, 58, 60, 66, 67, 68, 73, 74, 75, 76, 77, 78, 79], "excluded_lines": [], "start_line": 38}, "MeshyClient.get_task": {"executed_lines": [], "summary": {"covered_lines": 0, "num_statements": 10, "percent_covered": 0.0, "percent_covered_display": "0", "missing_lines": 10, "excluded_lines": 0, "percent_statements_covered": 0.0, "percent_statements_covered_display": "0"}, "missing_lines": [93, 94, 96, 97, 98, 102, 103, 104, 105, 106], "excluded_lines": [], "start_line": 81}, "MeshyClient.wait_for_completion": {"executed_lines": [], "summary": {"covered_lines": 0, "num_statements": 17, "percent_covered": 0.0, "percent_covered_display": "0", "missing_lines": 17, "excluded_lines": 0, "percent_statements_covered": 0.0, "percent_statements_covered_display": "0"}, "missing_lines": [128, 129, 130, 131, 133, 140, 141, 142, 144, 145, 146, 147, 149, 150, 152, 153, 155], "excluded_lines": [], "start_line": 108}, "MeshyClient.download_model": {"executed_lines": [], "summary": {"covered_lines": 0, "num_statements": 9, "percent_covered": 0.0, "percent_covered_display": "0", "missing_lines": 9, "excluded_lines": 0, "percent_statements_covered": 0.0, "percent_statements_covered_display": "0"}, "missing_lines": [174, 175, 176, 177, 178, 179, 180, 181, 182], "excluded_lines": [], "start_line": 157}, "MeshyClient.convert_image_to_3d": {"executed_lines": [], "summary": {"covered_lines": 0, "num_statements": 6, "percent_covered": 0.0, "percent_covered_display": "0", "missing_lines": 6, "excluded_lines": 1, "percent_statements_covered": 0.0, "percent_statements_covered_display": "0"}, "missing_lines": [212, 213, 215, 216, 219, 220], "excluded_lines": [190], "start_line": 184}, "get_meshy_client": {"executed_lines": [], "summary": {"covered_lines": 0, "num_statements": 3, "percent_covered": 0.0, "percent_covered_display": "0", "missing_lines": 3, "excluded_lines": 0, "percent_statements_covered": 0.0, "percent_statements_covered_display": "0"}, "missing_lines": [234, 235, 236], "excluded_lines": [], "start_line": 231}, "": {"executed_lines": [7, 9, 10, 11, 13, 14, 16, 18, 21, 24, 27, 30, 38, 81, 108, 157, 184, 228, 231], "summary": {"covered_lines": 19, "num_statements": 19, "percent_covered": 100.0, "percent_covered_display": "100", "missing_lines": 0, "excluded_lines": 0, "percent_statements_covered": 100.0, "percent_statements_covered_display": "100"}, "missing_lines": [], "excluded_lines": [], "start_line": 1}}, "classes": {"MeshyError": {"executed_lines": [], "summary": {"covered_lines": 0, "num_statements": 0, "percent_covered": 100.0, "percent_covered_display": "100", "missing_lines": 0, "excluded_lines": 0, "percent_statements_covered": 100.0, "percent_statements_covered_display": "100"}, "missing_lines": [], "excluded_lines": [], "start_line": 21}, "MeshyClient": {"executed_lines": [], "summary": {"covered_lines": 0, "num_statements": 58, "percent_covered": 0.0, "percent_covered_display": "0", "missing_lines": 58, "excluded_lines": 1, "percent_statements_covered": 0.0, "percent_statements_covered_display": "0"}, "missing_lines": [31, 32, 33, 57, 58, 60, 66, 67, 68, 73, 74, 75, 76, 77, 78, 79, 93, 94, 96, 97, 98, 102, 103, 104, 105, 106, 128, 129, 130, 131, 133, 140, 141, 142, 144, 145, 146, 147, 149, 150, 152, 153, 155, 174, 175, 176, 177, 178, 179, 180, 181, 182, 212, 213, 215, 216, 219, 220], "excluded_lines": [190], "start_line": 27}, "": {"executed_lines": [7, 9, 10, 11, 13, 14, 16, 18, 21, 24, 27, 30, 38, 81, 108, 157, 184, 228, 231], "summary": {"covered_lines": 19, "num_statements": 22, "percent_covered": 86.36363636363636, "percent_covered_display": "86", "missing_lines": 3, "excluded_lines": 0, "percent_statements_covered": 86.36363636363636, "percent_statements_covered_display": "86"}, "missing_lines": [234, 235, 236], "excluded_lines": [], "start_line": 1}}}, "app/services/room_geometry.py": {"executed_lines": [6, 8, 10, 13, 15, 16, 17, 18, 19, 20, 21, 24, 32, 34, 35, 36, 40, 45, 47, 48, 49, 50, 56, 57, 62, 63, 65], "summary": {"covered_lines": 27, "num_statements": 29, "percent_covered": 93.10344827586206, "percent_covered_display": "93", "missing_lines": 2, "excluded_lines": 0, "percent_statements_covered": 93.10344827586206, "percent_statements_covered_display": "93"}, "missing_lines": [38, 51], "excluded_lines": [], "functions": {"shoelace": {"executed_lines": [15, 16, 17, 18, 19, 20, 21], "summary": {"covered_lines": 7, "num_statements": 7, "percent_covered": 100.0, "percent_covered_display": "100", "missing_lines": 0, "excluded_lines": 0, "percent_statements_covered": 100.0, "percent_statements_covered_display": "100"}, "missing_lines": [], "excluded_lines": [], "start_line": 13}, "compute_metrics": {"executed_lines": [32, 34, 35, 36, 40, 45, 47, 48, 49, 50, 56, 57, 62, 63, 65], "summary": {"covered_lines": 15, "num_statements": 17, "percent_covered": 88.23529411764706, "percent_covered_display": "88", "missing_lines": 2, "excluded_lines": 0, "percent_statements_covered": 88.23529411764706, "percent_statements_covered_display": "88"}, "missing_lines": [38, 51], "excluded_lines": [], "start_line": 24}, "": {"executed_lines": [6, 8, 10, 13, 24], "summary": {"covered_lines": 5, "num_statements": 5, "percent_covered": 100.0, "percent_covered_display": "100", "missing_lines": 0, "excluded_lines": 0, "percent_statements_covered": 100.0, "percent_statements_covered_display": "100"}, "missing_lines": [], "excluded_lines": [], "start_line": 1}}, "classes": {"": {"executed_lines": [6, 8, 10, 13, 15, 16, 17, 18, 19, 20, 21, 24, 32, 34, 35, 36, 40, 45, 47, 48, 49, 50, 56, 57, 62, 63, 65], "summary": {"covered_lines": 27, "num_statements": 29, "percent_covered": 93.10344827586206, "percent_covered_display": "93", "missing_lines": 2, "excluded_lines": 0, "percent_statements_covered": 93.10344827586206, "percent_statements_covered_display": "93"}, "missing_lines": [38, 51], "excluded_lines": [], "start_line": 1}}}, "app/services/smeta.py": {"executed_lines": [11, 13, 14, 15, 26, 27, 28, 29, 30, 31, 33, 34, 35, 37, 38, 39, 41, 43, 44, 45, 46, 48, 49, 51, 54, 68, 69, 71, 72, 73, 74, 75, 76, 77, 78, 79, 80, 81, 84, 85, 87, 88, 89, 90, 91, 98, 100, 102, 105, 111, 114, 128, 130, 131, 132, 133, 148, 157, 158, 159, 165, 166, 168, 169, 172, 173, 174, 183, 190, 191, 192, 193, 196, 197, 212, 213, 214, 215, 216, 217, 218, 220, 221, 222, 237, 238, 239, 240, 241, 242, 243, 245, 246, 247, 261, 264, 278, 279, 280, 282, 283, 285, 286, 288, 291, 292, 293, 294, 296, 297, 299, 300, 301, 302, 305, 307, 308, 314, 316, 318, 319, 322, 325, 326, 327, 328, 329, 331, 332, 334, 335, 337, 342, 349, 351, 362, 365, 372, 373, 374, 375, 377, 378, 380, 396, 397, 398, 399, 400, 401, 403, 404, 405, 406, 407, 421, 424, 429, 431, 432, 435, 436, 437, 439, 455, 465, 466, 467, 468, 469, 471, 476, 477, 478, 479, 481, 489, 490, 491, 497, 498, 517, 539, 540, 543, 547, 549, 552, 555, 563, 564, 565, 566, 567, 572, 573, 577, 578, 579, 584, 585, 586, 587, 588, 589, 590, 591, 592, 597, 598, 603, 604, 605, 608, 612], "summary": {"covered_lines": 215, "num_statements": 224, "percent_covered": 95.98214285714286, "percent_covered_display": "96", "missing_lines": 9, "excluded_lines": 4, "percent_statements_covered": 95.98214285714286, "percent_statements_covered_display": "96"}, "missing_lines": [101, 175, 176, 295, 303, 320, 482, 483, 484], "excluded_lines": [17, 18, 19, 20], "functions": {"_float": {"executed_lines": [100, 102], "summary": {"covered_lines": 2, "num_statements": 3, "percent_covered": 66.66666666666667, "percent_covered_display": "67", "missing_lines": 1, "excluded_lines": 0, "percent_statements_covered": 66.66666666666667, "percent_statements_covered_display": "67"}, "missing_lines": [101], "excluded_lines": [], "start_line": 98}, "_to_metres": {"executed_lines": [111], "summary": {"covered_lines": 1, "num_statements": 1, "percent_covered": 100.0, "percent_covered_display": "100", "missing_lines": 0, "excluded_lines": 0, "percent_statements_covered": 100.0, "percent_statements_covered_display": "100"}, "missing_lines": [], "excluded_lines": [], "start_line": 105}, "_make_line": {"executed_lines": [128, 130, 131, 132, 133], "summary": {"covered_lines": 5, "num_statements": 5, "percent_covered": 100.0, "percent_covered_display": "100", "missing_lines": 0, "excluded_lines": 0, "percent_statements_covered": 100.0, "percent_statements_covered_display": "100"}, "missing_lines": [], "excluded_lines": [], "start_line": 114}, "_door_widths_m": {"executed_lines": [157, 158, 159, 165, 166, 168, 169], "summary": {"covered_lines": 7, "num_statements": 7, "percent_covered": 100.0, "percent_covered_display": "100", "missing_lines": 0, "excluded_lines": 0, "percent_statements_covered": 100.0, "percent_statements_covered_display": "100"}, "missing_lines": [], "excluded_lines": [], "start_line": 148}, "_store_name": {"executed_lines": [173, 174], "summary": {"covered_lines": 2, "num_statements": 4, "percent_covered": 50.0, "percent_covered_display": "50", "missing_lines": 2, "excluded_lines": 0, "percent_statements_covered": 50.0, "percent_statements_covered_display": "50"}, "missing_lines": [175, 176], "excluded_lines": [], "start_line": 172}, "_paint_lines": {"executed_lines": [190, 191, 192, 193, 196, 197, 212, 213, 214, 215, 216, 217, 218, 220, 221, 222, 237, 238, 239, 240, 241, 242, 243, 245, 246, 247, 261], "summary": {"covered_lines": 27, "num_statements": 27, "percent_covered": 100.0, "percent_covered_display": "100", "missing_lines": 0, "excluded_lines": 0, "percent_statements_covered": 100.0, "percent_statements_covered_display": "100"}, "missing_lines": [], "excluded_lines": [], "start_line": 183}, "_wallpaper_lines": {"executed_lines": [278, 279, 280, 282, 283, 285, 286, 288, 291, 292, 293, 294, 296, 297, 299, 300, 301, 302, 305, 307, 308, 314, 316, 318, 319, 322, 325, 326, 327, 328, 329, 331, 332, 334, 335, 337, 342, 349, 351, 362], "summary": {"covered_lines": 40, "num_statements": 43, "percent_covered": 93.02325581395348, "percent_covered_display": "93", "missing_lines": 3, "excluded_lines": 0, "percent_statements_covered": 93.02325581395348, "percent_statements_covered_display": "93"}, "missing_lines": [295, 303, 320], "excluded_lines": [], "start_line": 264}, "_laminate_lines": {"executed_lines": [372, 373, 374, 375, 377, 378, 380, 396, 397, 398, 399, 400, 401, 403, 404, 405, 406, 407, 421], "summary": {"covered_lines": 19, "num_statements": 19, "percent_covered": 100.0, "percent_covered_display": "100", "missing_lines": 0, "excluded_lines": 0, "percent_statements_covered": 100.0, "percent_statements_covered_display": "100"}, "missing_lines": [], "excluded_lines": [], "start_line": 365}, "_tile_lines": {"executed_lines": [429, 431, 432, 435, 436, 437, 439], "summary": {"covered_lines": 7, "num_statements": 7, "percent_covered": 100.0, "percent_covered_display": "100", "missing_lines": 0, "excluded_lines": 0, "percent_statements_covered": 100.0, "percent_statements_covered_display": "100"}, "missing_lines": [], "excluded_lines": [], "start_line": 424}, "_electrical_line": {"executed_lines": [465, 466, 467, 468, 469, 471, 476, 477, 478, 479, 481, 489, 490, 491, 497, 498], "summary": {"covered_lines": 16, "num_statements": 19, "percent_covered": 84.21052631578948, "percent_covered_display": "84", "missing_lines": 3, "excluded_lines": 0, "percent_statements_covered": 84.21052631578948, "percent_statements_covered_display": "84"}, "missing_lines": [482, 483, 484], "excluded_lines": [], "start_line": 455}, "compute_estimate": {"executed_lines": [539, 540, 543, 547, 549, 552, 555, 563, 564, 565, 566, 567, 572, 573, 577, 578, 579, 584, 585, 586, 587, 588, 589, 590, 591, 592, 597, 598, 603, 604, 605, 608, 612], "summary": {"covered_lines": 33, "num_statements": 33, "percent_covered": 100.0, "percent_covered_display": "100", "missing_lines": 0, "excluded_lines": 0, "percent_statements_covered": 100.0, "percent_statements_covered_display": "100"}, "missing_lines": [], "excluded_lines": [], "start_line": 517}, "": {"executed_lines": [11, 13, 14, 15, 26, 27, 28, 29, 30, 31, 33, 34, 35, 37, 38, 39, 41, 43, 44, 45, 46, 48, 49, 51, 54, 68, 69, 71, 72, 73, 74, 75, 76, 77, 78, 79, 80, 81, 84, 85, 87, 88, 89, 90, 91, 98, 105, 114, 148, 172, 183, 264, 365, 424, 455, 517], "summary": {"covered_lines": 56, "num_statements": 56, "percent_covered": 100.0, "percent_covered_display": "100", "missing_lines": 0, "excluded_lines": 4, "percent_statements_covered": 100.0, "percent_statements_covered_display": "100"}, "missing_lines": [], "excluded_lines": [17, 18, 19, 20], "start_line": 1}}, "classes": {"ComputedLine": {"executed_lines": [], "summary": {"covered_lines": 0, "num_statements": 0, "percent_covered": 100.0, "percent_covered_display": "100", "missing_lines": 0, "excluded_lines": 0, "percent_statements_covered": 100.0, "percent_statements_covered_display": "100"}, "missing_lines": [], "excluded_lines": [], "start_line": 69}, "ComputedEstimate": {"executed_lines": [], "summary": {"covered_lines": 0, "num_statements": 0, "percent_covered": 100.0, "percent_covered_display": "100", "missing_lines": 0, "excluded_lines": 0, "percent_statements_covered": 100.0, "percent_statements_covered_display": "100"}, "missing_lines": [], "excluded_lines": [], "start_line": 85}, "": {"executed_lines": [11, 13, 14, 15, 26, 27, 28, 29, 30, 31, 33, 34, 35, 37, 38, 39, 41, 43, 44, 45, 46, 48, 49, 51, 54, 68, 69, 71, 72, 73, 74, 75, 76, 77, 78, 79, 80, 81, 84, 85, 87, 88, 89, 90, 91, 98, 100, 102, 105, 111, 114, 128, 130, 131, 132, 133, 148, 157, 158, 159, 165, 166, 168, 169, 172, 173, 174, 183, 190, 191, 192, 193, 196, 197, 212, 213, 214, 215, 216, 217, 218, 220, 221, 222, 237, 238, 239, 240, 241, 242, 243, 245, 246, 247, 261, 264, 278, 279, 280, 282, 283, 285, 286, 288, 291, 292, 293, 294, 296, 297, 299, 300, 301, 302, 305, 307, 308, 314, 316, 318, 319, 322, 325, 326, 327, 328, 329, 331, 332, 334, 335, 337, 342, 349, 351, 362, 365, 372, 373, 374, 375, 377, 378, 380, 396, 397, 398, 399, 400, 401, 403, 404, 405, 406, 407, 421, 424, 429, 431, 432, 435, 436, 437, 439, 455, 465, 466, 467, 468, 469, 471, 476, 477, 478, 479, 481, 489, 490, 491, 497, 498, 517, 539, 540, 543, 547, 549, 552, 555, 563, 564, 565, 566, 567, 572, 573, 577, 578, 579, 584, 585, 586, 587, 588, 589, 590, 591, 592, 597, 598, 603, 604, 605, 608, 612], "summary": {"covered_lines": 215, "num_statements": 224, "percent_covered": 95.98214285714286, "percent_covered_display": "96", "missing_lines": 9, "excluded_lines": 4, "percent_statements_covered": 95.98214285714286, "percent_statements_covered_display": "96"}, "missing_lines": [101, 175, 176, 295, 303, 320, 482, 483, 484], "excluded_lines": [17, 18, 19, 20], "start_line": 1}}}, "app/tasks/__init__.py": {"executed_lines": [], "summary": {"covered_lines": 0, "num_statements": 0, "percent_covered": 100.0, "percent_covered_display": "100", "missing_lines": 0, "excluded_lines": 0, "percent_statements_covered": 100.0, "percent_statements_covered_display": "100"}, "missing_lines": [], "excluded_lines": [], "functions": {"": {"executed_lines": [], "summary": {"covered_lines": 0, "num_statements": 0, "percent_covered": 100.0, "percent_covered_display": "100", "missing_lines": 0, "excluded_lines": 0, "percent_statements_covered": 100.0, "percent_statements_covered_display": "100"}, "missing_lines": [], "excluded_lines": [], "start_line": 1}}, "classes": {"": {"executed_lines": [], "summary": {"covered_lines": 0, "num_statements": 0, "percent_covered": 100.0, "percent_covered_display": "100", "missing_lines": 0, "excluded_lines": 0, "percent_statements_covered": 100.0, "percent_statements_covered_display": "100"}, "missing_lines": [], "excluded_lines": [], "start_line": 1}}}, "app/tasks/media.py": {"executed_lines": [6, 8, 10, 12, 15, 22], "summary": {"covered_lines": 6, "num_statements": 8, "percent_covered": 75.0, "percent_covered_display": "75", "missing_lines": 2, "excluded_lines": 0, "percent_statements_covered": 75.0, "percent_statements_covered_display": "75"}, "missing_lines": [38, 42], "excluded_lines": [], "functions": {"process_photo": {"executed_lines": [], "summary": {"covered_lines": 0, "num_statements": 2, "percent_covered": 0.0, "percent_covered_display": "0", "missing_lines": 2, "excluded_lines": 0, "percent_statements_covered": 0.0, "percent_statements_covered_display": "0"}, "missing_lines": [38, 42], "excluded_lines": [], "start_line": 22}, "": {"executed_lines": [6, 8, 10, 12, 15, 22], "summary": {"covered_lines": 6, "num_statements": 6, "percent_covered": 100.0, "percent_covered_display": "100", "missing_lines": 0, "excluded_lines": 0, "percent_statements_covered": 100.0, "percent_statements_covered_display": "100"}, "missing_lines": [], "excluded_lines": [], "start_line": 1}}, "classes": {"": {"executed_lines": [6, 8, 10, 12, 15, 22], "summary": {"covered_lines": 6, "num_statements": 8, "percent_covered": 75.0, "percent_covered_display": "75", "missing_lines": 2, "excluded_lines": 0, "percent_statements_covered": 75.0, "percent_statements_covered_display": "75"}, "missing_lines": [38, 42], "excluded_lines": [], "start_line": 1}}}}, "totals": {"covered_lines": 1438, "num_statements": 2283, "percent_covered": 62.98729741568112, "percent_covered_display": "63", "missing_lines": 845, "excluded_lines": 6, "percent_statements_covered": 62.98729741568112, "percent_statements_covered_display": "63"}}